2026-05-16 06:03:12,951 | DEBUG | checker | Signal 2 not installable on this platform.
2026-05-16 06:03:12,951 | DEBUG | checker | Signal 15 not installable on this platform.
2026-05-16 06:03:39,821 | INFO | checker | Scanning 1774039 candidate name(s) for length(s) [4].
2026-05-16 06:04:16,745 | DEBUG | checker | Rate limited; backing off 1.27s (attempt 0).
2026-05-16 06:04:16,889 | DEBUG | checker | Rate limited; backing off 1.28s (attempt 0).
2026-05-16 06:04:16,889 | DEBUG | checker | Rate limited; backing off 1.26s (attempt 0).
2026-05-16 06:04:17,079 | DEBUG | checker | Rate limited; backing off 1.02s (attempt 0).
2026-05-16 06:04:17,143 | DEBUG | checker | Rate limited; backing off 1.35s (attempt 0).
2026-05-16 06:04:17,191 | DEBUG | checker | Rate limited; backing off 1.48s (attempt 0).
2026-05-16 06:04:17,223 | DEBUG | checker | Rate limited; backing off 1.26s (attempt 0).
2026-05-16 06:04:17,334 | DEBUG | checker | Rate limited; backing off 1.31s (attempt 0).
2026-05-16 06:04:17,334 | DEBUG | checker | Rate limited; backing off 1.30s (attempt 0).
2026-05-16 06:04:17,350 | DEBUG | checker | Rate limited; backing off 1.17s (attempt 0).
2026-05-16 06:04:18,708 | DEBUG | checker | Rate limited; backing off 2.40s (attempt 1).
2026-05-16 06:04:19,070 | DEBUG | checker | Rate limited; backing off 1.22s (attempt 0).
2026-05-16 06:04:19,118 | DEBUG | checker | Rate limited; backing off 1.44s (attempt 0).
2026-05-16 06:04:19,118 | DEBUG | checker | Rate limited; backing off 1.17s (attempt 0).
2026-05-16 06:04:19,150 | DEBUG | checker | Rate limited; backing off 1.39s (attempt 0).
2026-05-16 06:04:19,453 | DEBUG | checker | Rate limited; backing off 1.48s (attempt 0).
2026-05-16 06:04:19,453 | DEBUG | checker | Rate limited; backing off 1.09s (attempt 0).
2026-05-16 06:04:19,590 | DEBUG | checker | Rate limited; backing off 1.40s (attempt 0).
2026-05-16 06:04:19,593 | DEBUG | checker | Rate limited; backing off 1.49s (attempt 0).
2026-05-16 06:04:19,670 | DEBUG | checker | Rate limited; backing off 1.03s (attempt 0).
2026-05-16 06:04:20,329 | DEBUG | checker | Rate limited; backing off 2.21s (attempt 1).
2026-05-16 06:04:20,584 | DEBUG | checker | Rate limited; backing off 2.29s (attempt 1).
2026-05-16 06:04:20,600 | DEBUG | checker | Rate limited; backing off 2.45s (attempt 1).
2026-05-16 06:04:21,029 | DEBUG | checker | Rate limited; backing off 2.35s (attempt 1).
2026-05-16 06:04:21,109 | DEBUG | checker | Rate limited; backing off 2.42s (attempt 1).
2026-05-16 06:04:21,269 | DEBUG | checker | Rate limited; backing off 1.28s (attempt 0).
2026-05-16 06:04:21,666 | DEBUG | checker | Rate limited; backing off 1.41s (attempt 0).
2026-05-16 06:04:21,710 | DEBUG | checker | Rate limited; backing off 1.01s (attempt 0).
2026-05-16 06:04:22,029 | DEBUG | checker | Rate limited; backing off 1.33s (attempt 0).
2026-05-16 06:04:22,114 | DEBUG | checker | Rate limited; backing off 1.36s (attempt 0).
2026-05-16 06:04:22,943 | DEBUG | checker | Rate limited; backing off 4.43s (attempt 2).
2026-05-16 06:04:23,098 | DEBUG | checker | Rate limited; backing off 4.25s (attempt 2).
2026-05-16 06:04:23,130 | DEBUG | checker | Rate limited; backing off 2.39s (attempt 1).
2026-05-16 06:04:23,369 | DEBUG | checker | Rate limited; backing off 2.20s (attempt 1).
2026-05-16 06:04:23,401 | DEBUG | checker | Rate limited; backing off 4.44s (attempt 2).
2026-05-16 06:04:23,507 | DEBUG | checker | Rate limited; backing off 2.45s (attempt 1).
2026-05-16 06:04:23,553 | DEBUG | checker | Rate limited; backing off 1.02s (attempt 0).
2026-05-16 06:04:23,560 | DEBUG | checker | Rate limited; backing off 4.35s (attempt 2).
2026-05-16 06:04:23,736 | DEBUG | checker | Rate limited; backing off 1.41s (attempt 0).
2026-05-16 06:04:24,517 | DEBUG | checker | Rate limited; backing off 1.34s (attempt 0).
2026-05-16 06:04:24,597 | DEBUG | checker | Rate limited; backing off 2.39s (attempt 1).
2026-05-16 06:04:25,519 | DEBUG | checker | Rate limited; backing off 4.37s (attempt 2).
2026-05-16 06:04:25,630 | DEBUG | checker | Rate limited; backing off 1.43s (attempt 0).
2026-05-16 06:04:25,948 | DEBUG | checker | Rate limited; backing off 2.47s (attempt 1).
2026-05-16 06:04:26,583 | DEBUG | checker | Rate limited; backing off 1.33s (attempt 0).
2026-05-16 06:04:26,915 | DEBUG | checker | Rate limited; backing off 1.22s (attempt 0).
2026-05-16 06:04:27,026 | DEBUG | checker | Rate limited; backing off 4.43s (attempt 2).
2026-05-16 06:04:27,129 | DEBUG | checker | Rate limited; backing off 2.23s (attempt 1).
2026-05-16 06:04:27,392 | DEBUG | checker | Rate limited; backing off 8.44s (attempt 3).
2026-05-16 06:04:27,392 | DEBUG | checker | Rate limited; backing off 8.08s (attempt 3).
2026-05-16 06:04:27,982 | DEBUG | checker | Rate limited; backing off 8.18s (attempt 3).
2026-05-16 06:04:27,982 | DEBUG | checker | Rate limited; backing off 2.40s (attempt 1).
2026-05-16 06:04:28,837 | DEBUG | checker | Rate limited; backing off 1.21s (attempt 0).
2026-05-16 06:04:29,213 | DEBUG | checker | Rate limited; backing off 1.48s (attempt 0).
2026-05-16 06:04:29,366 | DEBUG | checker | Rate limited; backing off 4.04s (attempt 2).
2026-05-16 06:04:29,542 | DEBUG | checker | Rate limited; backing off 1.05s (attempt 0).
2026-05-16 06:04:29,957 | DEBUG | checker | Rate limited; backing off 8.46s (attempt 3).
2026-05-16 06:04:30,085 | DEBUG | checker | Rate limited; backing off 2.16s (attempt 1).
2026-05-16 06:04:30,653 | DEBUG | checker | Rate limited; backing off 2.24s (attempt 1).
2026-05-16 06:04:30,749 | DEBUG | checker | Rate limited; backing off 2.03s (attempt 1).
2026-05-16 06:04:31,383 | DEBUG | checker | Rate limited; backing off 1.29s (attempt 0).
2026-05-16 06:04:32,260 | DEBUG | checker | Rate limited; backing off 4.13s (attempt 2).
2026-05-16 06:04:32,512 | DEBUG | checker | Rate limited; backing off 1.42s (attempt 0).
2026-05-16 06:04:32,754 | DEBUG | checker | Rate limited; backing off 2.23s (attempt 1).
2026-05-16 06:04:32,940 | DEBUG | checker | Rate limited; backing off 4.47s (attempt 2).
2026-05-16 06:04:33,462 | DEBUG | checker | Rate limited; backing off 8.45s (attempt 3).
2026-05-16 06:04:33,818 | DEBUG | checker | Rate limited; backing off 1.26s (attempt 0).
2026-05-16 06:04:37,587 | INFO | checker | AVAILABLE: 9ren (len=4, score=75)
2026-05-16 06:04:38,417 | DEBUG | checker | Rate limited; backing off 16.22s (attempt 4).
2026-05-16 06:04:38,719 | DEBUG | checker | Rate limited; backing off 1.33s (attempt 0).
2026-05-16 06:04:38,845 | DEBUG | checker | Rate limited; backing off 1.39s (attempt 0).
2026-05-16 06:04:38,881 | DEBUG | checker | Rate limited; backing off 1.13s (attempt 0).
2026-05-16 06:04:38,923 | INFO | checker | AVAILABLE: 4ito (len=4, score=75)
2026-05-16 06:04:38,923 | DEBUG | checker | Rate limited; backing off 1.48s (attempt 0).
2026-05-16 06:04:39,164 | DEBUG | checker | Rate limited; backing off 1.43s (attempt 0).
2026-05-16 06:04:39,164 | DEBUG | checker | Rate limited; backing off 1.09s (attempt 0).
2026-05-16 06:04:39,248 | DEBUG | checker | Rate limited; backing off 1.13s (attempt 0).
2026-05-16 06:04:40,088 | DEBUG | checker | Rate limited; backing off 2.45s (attempt 1).
2026-05-16 06:04:40,407 | DEBUG | checker | Rate limited; backing off 2.35s (attempt 1).
2026-05-16 06:04:41,028 | DEBUG | checker | Rate limited; backing off 1.09s (attempt 0).
2026-05-16 06:04:41,190 | DEBUG | checker | Rate limited; backing off 1.12s (attempt 0).
2026-05-16 06:04:41,190 | DEBUG | checker | Rate limited; backing off 1.01s (attempt 0).
2026-05-16 06:04:41,444 | DEBUG | checker | Rate limited; backing off 1.14s (attempt 0).
2026-05-16 06:04:41,510 | DEBUG | checker | Rate limited; backing off 1.36s (attempt 0).
2026-05-16 06:04:41,683 | DEBUG | checker | Rate limited; backing off 1.13s (attempt 0).
2026-05-16 06:04:41,968 | DEBUG | checker | Rate limited; backing off 16.48s (attempt 4).
2026-05-16 06:04:42,574 | DEBUG | checker | Rate limited; backing off 4.44s (attempt 2).
2026-05-16 06:04:42,794 | DEBUG | checker | Rate limited; backing off 4.40s (attempt 2).
2026-05-16 06:04:42,873 | DEBUG | checker | Rate limited; backing off 2.34s (attempt 1).
2026-05-16 06:04:43,160 | DEBUG | checker | Rate limited; backing off 1.38s (attempt 0).
2026-05-16 06:04:43,160 | DEBUG | checker | Rate limited; backing off 1.18s (attempt 0).
2026-05-16 06:04:43,338 | DEBUG | checker | Rate limited; backing off 1.30s (attempt 0).
2026-05-16 06:04:43,635 | DEBUG | checker | Rate limited; backing off 1.20s (attempt 0).
2026-05-16 06:04:43,869 | DEBUG | checker | Rate limited; backing off 1.42s (attempt 0).
2026-05-16 06:04:44,403 | DEBUG | checker | Rate limited; backing off 2.40s (attempt 1).
2026-05-16 06:04:44,694 | DEBUG | checker | Rate limited; backing off 2.12s (attempt 1).
2026-05-16 06:04:44,889 | DEBUG | checker | Rate limited; backing off 2.28s (attempt 1).
2026-05-16 06:04:45,255 | DEBUG | checker | Rate limited; backing off 4.43s (attempt 2).
2026-05-16 06:04:45,302 | DEBUG | checker | Rate limited; backing off 2.36s (attempt 1).
2026-05-16 06:04:45,670 | DEBUG | checker | Rate limited; backing off 1.44s (attempt 0).
2026-05-16 06:04:46,852 | DEBUG | checker | Rate limited; backing off 4.38s (attempt 2).
2026-05-16 06:04:46,852 | DEBUG | checker | Rate limited; backing off 4.33s (attempt 2).
2026-05-16 06:04:47,073 | DEBUG | checker | Rate limited; backing off 8.46s (attempt 3).
2026-05-16 06:04:47,184 | DEBUG | checker | Rate limited; backing off 2.19s (attempt 1).
2026-05-16 06:04:47,218 | DEBUG | checker | Rate limited; backing off 4.19s (attempt 2).
2026-05-16 06:04:47,218 | DEBUG | checker | Rate limited; backing off 8.50s (attempt 3).
2026-05-16 06:04:47,699 | DEBUG | checker | Rate limited; backing off 4.08s (attempt 2).
2026-05-16 06:04:49,441 | DEBUG | checker | Rate limited; backing off 4.36s (attempt 2).
2026-05-16 06:04:49,717 | DEBUG | checker | Rate limited; backing off 8.48s (attempt 3).
2026-05-16 06:04:51,280 | DEBUG | checker | Rate limited; backing off 8.41s (attempt 3).
2026-05-16 06:04:51,791 | DEBUG | checker | Rate limited; backing off 8.00s (attempt 3).
2026-05-16 06:04:51,870 | DEBUG | checker | Rate limited; backing off 1.05s (attempt 0).
2026-05-16 06:04:52,277 | DEBUG | checker | Rate limited; backing off 1.09s (attempt 0).
2026-05-16 06:04:52,972 | DEBUG | checker | Rate limited; backing off 2.01s (attempt 1).
2026-05-16 06:04:53,402 | DEBUG | checker | Rate limited; backing off 2.21s (attempt 1).
2026-05-16 06:04:53,849 | DEBUG | checker | Rate limited; backing off 8.37s (attempt 3).
2026-05-16 06:04:59,079 | INFO | checker | AVAILABLE: 5nao (len=4, score=75)
2026-05-16 06:04:59,174 | DEBUG | checker | Rate limited; backing off 1.40s (attempt 0).
2026-05-16 06:04:59,207 | DEBUG | checker | Rate limited; backing off 1.11s (attempt 0).
2026-05-16 06:04:59,413 | DEBUG | checker | Rate limited; backing off 1.45s (attempt 0).
2026-05-16 06:04:59,415 | DEBUG | checker | Rate limited; backing off 1.06s (attempt 0).
2026-05-16 06:04:59,415 | DEBUG | checker | Rate limited; backing off 1.20s (attempt 0).
2026-05-16 06:04:59,513 | DEBUG | checker | Rate limited; backing off 1.47s (attempt 0).
2026-05-16 06:05:00,495 | DEBUG | checker | Rate limited; backing off 2.23s (attempt 1).
2026-05-16 06:05:00,581 | DEBUG | checker | Rate limited; backing off 2.49s (attempt 1).
2026-05-16 06:05:00,612 | DEBUG | checker | Rate limited; backing off 2.50s (attempt 1).
2026-05-16 06:05:00,724 | DEBUG | checker | Rate limited; backing off 1.27s (attempt 0).
2026-05-16 06:05:00,900 | DEBUG | checker | Rate limited; backing off 1.37s (attempt 0).
2026-05-16 06:05:00,913 | DEBUG | checker | Rate limited; backing off 2.39s (attempt 1).
2026-05-16 06:05:01,028 | DEBUG | checker | Rate limited; backing off 2.30s (attempt 1).
2026-05-16 06:05:01,346 | DEBUG | checker | Rate limited; backing off 1.42s (attempt 0).
2026-05-16 06:05:01,612 | DEBUG | checker | Rate limited; backing off 1.41s (attempt 0).
2026-05-16 06:05:02,207 | INFO | checker | AVAILABLE: 8ame (len=4, score=75)
2026-05-16 06:05:02,223 | DEBUG | checker | Rate limited; backing off 16.22s (attempt 4).
2026-05-16 06:05:02,598 | DEBUG | checker | Rate limited; backing off 1.22s (attempt 0).
2026-05-16 06:05:02,812 | DEBUG | checker | Rate limited; backing off 2.31s (attempt 1).
2026-05-16 06:05:02,973 | DEBUG | checker | Rate limited; backing off 4.41s (attempt 2).
2026-05-16 06:05:03,048 | DEBUG | checker | Rate limited; backing off 2.21s (attempt 1).
2026-05-16 06:05:03,143 | DEBUG | checker | Rate limited; backing off 4.33s (attempt 2).
2026-05-16 06:05:03,233 | DEBUG | checker | Rate limited; backing off 1.23s (attempt 0).
2026-05-16 06:05:03,373 | DEBUG | checker | Rate limited; backing off 4.29s (attempt 2).
2026-05-16 06:05:03,809 | INFO | checker | AVAILABLE: 6ito (len=4, score=75)
2026-05-16 06:05:03,834 | DEBUG | checker | Rate limited; backing off 2.47s (attempt 1).
2026-05-16 06:05:04,135 | DEBUG | checker | Rate limited; backing off 1.34s (attempt 0).
2026-05-16 06:05:04,406 | DEBUG | checker | Rate limited; backing off 1.06s (attempt 0).
2026-05-16 06:05:05,266 | DEBUG | checker | Rate limited; backing off 4.45s (attempt 2).
2026-05-16 06:05:05,488 | DEBUG | checker | Rate limited; backing off 2.31s (attempt 1).
2026-05-16 06:05:05,726 | DEBUG | checker | Rate limited; backing off 2.12s (attempt 1).
2026-05-16 06:05:06,143 | DEBUG | checker | Rate limited; backing off 1.04s (attempt 0).
2026-05-16 06:05:06,318 | DEBUG | checker | Rate limited; backing off 4.45s (attempt 2).
2026-05-16 06:05:07,195 | DEBUG | checker | Rate limited; backing off 2.46s (attempt 1).
2026-05-16 06:05:07,449 | DEBUG | checker | Rate limited; backing off 8.10s (attempt 3).
2026-05-16 06:05:07,540 | DEBUG | checker | Rate limited; backing off 8.26s (attempt 3).
2026-05-16 06:05:07,687 | DEBUG | checker | Rate limited; backing off 8.46s (attempt 3).
2026-05-16 06:05:07,841 | DEBUG | checker | Rate limited; backing off 4.05s (attempt 2).
2026-05-16 06:05:07,866 | DEBUG | checker | Rate limited; backing off 4.15s (attempt 2).
2026-05-16 06:05:08,500 | DEBUG | checker | Rate limited; backing off 1.17s (attempt 0).
2026-05-16 06:05:10,795 | INFO | checker | AVAILABLE: inu5 (len=4, score=75)
2026-05-16 06:05:11,208 | INFO | checker | AVAILABLE: inu9 (len=4, score=75)
2026-05-16 06:05:11,943 | INFO | checker | AVAILABLE: 9oni (len=4, score=75)
2026-05-16 06:05:13,941 | DEBUG | checker | Rate limited; backing off 1.13s (attempt 0).
2026-05-16 06:05:14,026 | DEBUG | checker | Rate limited; backing off 1.10s (attempt 0).
2026-05-16 06:05:14,108 | DEBUG | checker | Rate limited; backing off 1.20s (attempt 0).
2026-05-16 06:05:14,109 | DEBUG | checker | Rate limited; backing off 1.14s (attempt 0).
2026-05-16 06:05:14,430 | DEBUG | checker | Rate limited; backing off 1.25s (attempt 0).
2026-05-16 06:05:15,080 | DEBUG | checker | Rate limited; backing off 2.38s (attempt 1).
2026-05-16 06:05:15,564 | DEBUG | checker | Rate limited; backing off 16.36s (attempt 4).
2026-05-16 06:05:16,113 | DEBUG | checker | Rate limited; backing off 1.10s (attempt 0).
2026-05-16 06:05:17,077 | INFO | checker | AVAILABLE: 5oni (len=4, score=75)
2026-05-16 06:05:18,351 | INFO | checker | AVAILABLE: 9sho (len=4, score=75)
2026-05-16 06:05:18,703 | DEBUG | checker | Rate limited; backing off 1.14s (attempt 0).
2026-05-16 06:05:18,887 | DEBUG | checker | Rate limited; backing off 1.36s (attempt 0).
2026-05-16 06:05:18,934 | DEBUG | checker | Rate limited; backing off 1.09s (attempt 0).
2026-05-16 06:05:19,023 | DEBUG | checker | Rate limited; backing off 1.32s (attempt 0).
2026-05-16 06:05:19,074 | DEBUG | checker | Rate limited; backing off 1.08s (attempt 0).
2026-05-16 06:05:19,146 | DEBUG | checker | Rate limited; backing off 1.10s (attempt 0).
2026-05-16 06:05:20,028 | DEBUG | checker | Rate limited; backing off 2.21s (attempt 1).
2026-05-16 06:05:20,160 | DEBUG | checker | Rate limited; backing off 2.16s (attempt 1).
2026-05-16 06:05:20,248 | DEBUG | checker | Rate limited; backing off 1.23s (attempt 0).
2026-05-16 06:05:20,446 | DEBUG | checker | Rate limited; backing off 2.49s (attempt 1).
2026-05-16 06:05:20,485 | DEBUG | checker | Rate limited; backing off 1.34s (attempt 0).
2026-05-16 06:05:20,558 | DEBUG | checker | Rate limited; backing off 2.09s (attempt 1).
2026-05-16 06:05:21,069 | DEBUG | checker | Rate limited; backing off 2.45s (attempt 1).
2026-05-16 06:05:21,212 | DEBUG | checker | Rate limited; backing off 1.21s (attempt 0).
2026-05-16 06:05:21,355 | DEBUG | checker | Rate limited; backing off 1.40s (attempt 0).
2026-05-16 06:05:21,498 | DEBUG | checker | Rate limited; backing off 2.24s (attempt 1).
2026-05-16 06:05:21,844 | DEBUG | checker | Rate limited; backing off 2.37s (attempt 1).
2026-05-16 06:05:22,245 | DEBUG | checker | Rate limited; backing off 4.31s (attempt 2).
2026-05-16 06:05:22,470 | DEBUG | checker | Rate limited; backing off 2.32s (attempt 1).
2026-05-16 06:05:22,661 | DEBUG | checker | Rate limited; backing off 4.28s (attempt 2).
2026-05-16 06:05:22,900 | DEBUG | checker | Rate limited; backing off 1.43s (attempt 0).
2026-05-16 06:05:23,230 | DEBUG | checker | Rate limited; backing off 4.42s (attempt 2).
2026-05-16 06:05:23,531 | DEBUG | checker | Rate limited; backing off 4.18s (attempt 2).
2026-05-16 06:05:24,030 | INFO | checker | AVAILABLE: 8emi (len=4, score=75)
2026-05-16 06:05:24,238 | DEBUG | checker | Rate limited; backing off 4.34s (attempt 2).
2026-05-16 06:05:24,812 | DEBUG | checker | Rate limited; backing off 1.46s (attempt 0).
2026-05-16 06:05:24,813 | DEBUG | checker | Rate limited; backing off 4.17s (attempt 2).
2026-05-16 06:05:24,914 | DEBUG | checker | Rate limited; backing off 1.29s (attempt 0).
2026-05-16 06:05:25,305 | DEBUG | checker | Rate limited; backing off 1.24s (attempt 0).
2026-05-16 06:05:27,285 | INFO | checker | AVAILABLE: 4tai (len=4, score=75)
2026-05-16 06:05:28,372 | INFO | checker | AVAILABLE: ito8 (len=4, score=75)
2026-05-16 06:05:28,667 | DEBUG | checker | Rate limited; backing off 1.23s (attempt 0).
2026-05-16 06:05:28,941 | DEBUG | checker | Rate limited; backing off 1.44s (attempt 0).
2026-05-16 06:05:29,076 | DEBUG | checker | Rate limited; backing off 1.17s (attempt 0).
2026-05-16 06:05:29,717 | DEBUG | checker | Rate limited; backing off 1.42s (attempt 0).
2026-05-16 06:05:29,787 | DEBUG | checker | Rate limited; backing off 1.29s (attempt 0).
2026-05-16 06:05:29,939 | DEBUG | checker | Rate limited; backing off 1.23s (attempt 0).
2026-05-16 06:05:30,120 | DEBUG | checker | Rate limited; backing off 1.35s (attempt 0).
2026-05-16 06:05:30,455 | DEBUG | checker | Rate limited; backing off 2.32s (attempt 1).
2026-05-16 06:05:30,573 | DEBUG | checker | Rate limited; backing off 2.11s (attempt 1).
2026-05-16 06:05:30,582 | DEBUG | checker | Rate limited; backing off 1.13s (attempt 0).
2026-05-16 06:05:30,588 | DEBUG | checker | Rate limited; backing off 2.33s (attempt 1).
2026-05-16 06:05:30,838 | DEBUG | checker | Rate limited; backing off 1.13s (attempt 0).
2026-05-16 06:05:31,174 | DEBUG | checker | Rate limited; backing off 2.48s (attempt 1).
2026-05-16 06:05:31,268 | DEBUG | checker | Rate limited; backing off 2.00s (attempt 1).
2026-05-16 06:05:31,316 | DEBUG | checker | Rate limited; backing off 2.23s (attempt 1).
2026-05-16 06:05:31,477 | DEBUG | checker | Rate limited; backing off 2.03s (attempt 1).
2026-05-16 06:05:31,716 | DEBUG | checker | Rate limited; backing off 2.33s (attempt 1).
2026-05-16 06:05:31,971 | DEBUG | checker | Rate limited; backing off 2.37s (attempt 1).
2026-05-16 06:05:32,114 | DEBUG | checker | Rate limited; backing off 32.15s (attempt 5).
2026-05-16 06:05:32,699 | DEBUG | checker | Rate limited; backing off 4.02s (attempt 2).
2026-05-16 06:05:32,793 | DEBUG | checker | Rate limited; backing off 4.07s (attempt 2).
2026-05-16 06:05:32,929 | DEBUG | checker | Rate limited; backing off 4.28s (attempt 2).
2026-05-16 06:05:33,702 | DEBUG | checker | Rate limited; backing off 4.49s (attempt 2).
2026-05-16 06:05:34,043 | DEBUG | checker | Rate limited; backing off 4.30s (attempt 2).
2026-05-16 06:05:34,350 | DEBUG | checker | Rate limited; backing off 4.13s (attempt 2).
2026-05-16 06:05:34,436 | DEBUG | checker | Rate limited; backing off 1.00s (attempt 0).
2026-05-16 06:05:35,456 | DEBUG | checker | Rate limited; backing off 2.06s (attempt 1).
2026-05-16 06:05:35,456 | DEBUG | checker | Rate limited; backing off 1.01s (attempt 0).
2026-05-16 06:05:36,474 | DEBUG | checker | Rate limited; backing off 2.37s (attempt 1).
2026-05-16 06:05:36,554 | DEBUG | checker | Rate limited; backing off 1.48s (attempt 0).
2026-05-16 06:05:37,538 | DEBUG | checker | Rate limited; backing off 4.43s (attempt 2).
2026-05-16 06:05:37,708 | DEBUG | checker | Rate limited; backing off 1.00s (attempt 0).
2026-05-16 06:05:37,890 | DEBUG | checker | Rate limited; backing off 1.46s (attempt 0).
2026-05-16 06:05:37,935 | INFO | checker | AVAILABLE: 5yui (len=4, score=75)
2026-05-16 06:05:38,049 | DEBUG | checker | Rate limited; backing off 2.15s (attempt 1).
2026-05-16 06:05:38,244 | DEBUG | checker | Rate limited; backing off 8.38s (attempt 3).
2026-05-16 06:05:38,380 | DEBUG | checker | Rate limited; backing off 8.22s (attempt 3).
2026-05-16 06:05:38,763 | DEBUG | checker | Rate limited; backing off 2.43s (attempt 1).
2026-05-16 06:05:38,892 | DEBUG | checker | Rate limited; backing off 4.31s (attempt 2).
2026-05-16 06:05:39,387 | DEBUG | checker | Rate limited; backing off 2.31s (attempt 1).
2026-05-16 06:05:39,467 | DEBUG | checker | Rate limited; backing off 1.15s (attempt 0).
2026-05-16 06:05:39,515 | DEBUG | checker | Rate limited; backing off 1.18s (attempt 0).
2026-05-16 06:05:40,678 | DEBUG | checker | Rate limited; backing off 2.44s (attempt 1).
2026-05-16 06:05:40,742 | DEBUG | checker | Rate limited; backing off 2.40s (attempt 1).
2026-05-16 06:05:41,204 | DEBUG | checker | Rate limited; backing off 4.02s (attempt 2).
2026-05-16 06:05:41,734 | DEBUG | checker | Rate limited; backing off 4.06s (attempt 2).
2026-05-16 06:05:41,969 | DEBUG | checker | Rate limited; backing off 8.18s (attempt 3).
2026-05-16 06:05:43,117 | DEBUG | checker | Rate limited; backing off 4.45s (attempt 2).
2026-05-16 06:05:43,228 | DEBUG | checker | Rate limited; backing off 8.41s (attempt 3).
2026-05-16 06:05:44,280 | DEBUG | checker | Rate limited; backing off 1.27s (attempt 0).
2026-05-16 06:05:44,360 | DEBUG | checker | Rate limited; backing off 1.35s (attempt 0).
2026-05-16 06:05:45,617 | DEBUG | checker | Rate limited; backing off 2.25s (attempt 1).
2026-05-16 06:05:45,773 | DEBUG | checker | Rate limited; backing off 2.21s (attempt 1).
2026-05-16 06:05:45,841 | DEBUG | checker | Rate limited; backing off 8.07s (attempt 3).
2026-05-16 06:05:46,205 | INFO | checker | AVAILABLE: 8inu (len=4, score=75)
2026-05-16 06:05:46,553 | DEBUG | checker | Rate limited; backing off 1.05s (attempt 0).
2026-05-16 06:05:46,681 | DEBUG | checker | Rate limited; backing off 16.05s (attempt 4).
2026-05-16 06:05:46,682 | DEBUG | checker | Rate limited; backing off 16.05s (attempt 4).
2026-05-16 06:05:47,607 | DEBUG | checker | Rate limited; backing off 8.15s (attempt 3).
2026-05-16 06:05:48,687 | DEBUG | checker | Rate limited; backing off 1.04s (attempt 0).
2026-05-16 06:05:48,956 | DEBUG | checker | Rate limited; backing off 1.26s (attempt 0).
2026-05-16 06:05:49,098 | DEBUG | checker | Rate limited; backing off 1.19s (attempt 0).
2026-05-16 06:05:49,787 | DEBUG | checker | Rate limited; backing off 2.19s (attempt 1).
2026-05-16 06:05:50,329 | DEBUG | checker | Rate limited; backing off 2.46s (attempt 1).
2026-05-16 06:05:51,220 | DEBUG | checker | Rate limited; backing off 1.42s (attempt 0).
2026-05-16 06:05:51,220 | DEBUG | checker | Rate limited; backing off 1.35s (attempt 0).
2026-05-16 06:05:52,576 | DEBUG | checker | Rate limited; backing off 2.22s (attempt 1).
2026-05-16 06:05:52,809 | DEBUG | checker | Rate limited; backing off 4.48s (attempt 2).
2026-05-16 06:05:53,184 | DEBUG | checker | Rate limited; backing off 1.22s (attempt 0).
2026-05-16 06:05:53,407 | INFO | checker | AVAILABLE: 3emi (len=4, score=75)
2026-05-16 06:05:53,679 | DEBUG | checker | Rate limited; backing off 1.26s (attempt 0).
2026-05-16 06:05:53,745 | DEBUG | checker | Rate limited; backing off 1.27s (attempt 0).
2026-05-16 06:05:54,811 | DEBUG | checker | Rate limited; backing off 4.08s (attempt 2).
2026-05-16 06:05:54,987 | DEBUG | checker | Rate limited; backing off 2.11s (attempt 1).
2026-05-16 06:05:54,994 | DEBUG | checker | Rate limited; backing off 1.30s (attempt 0).
2026-05-16 06:05:55,068 | DEBUG | checker | Rate limited; backing off 2.48s (attempt 1).
2026-05-16 06:05:55,114 | INFO | checker | AVAILABLE: 4nao (len=4, score=75)
2026-05-16 06:05:55,496 | DEBUG | checker | Rate limited; backing off 1.20s (attempt 0).
2026-05-16 06:05:55,803 | DEBUG | checker | Rate limited; backing off 16.18s (attempt 4).
2026-05-16 06:05:56,335 | DEBUG | checker | Rate limited; backing off 2.12s (attempt 1).
2026-05-16 06:05:56,751 | DEBUG | checker | Rate limited; backing off 2.21s (attempt 1).
2026-05-16 06:05:57,338 | DEBUG | checker | Rate limited; backing off 8.09s (attempt 3).
2026-05-16 06:05:58,082 | DEBUG | checker | Rate limited; backing off 1.06s (attempt 0).
2026-05-16 06:05:58,470 | DEBUG | checker | Rate limited; backing off 4.23s (attempt 2).
2026-05-16 06:05:58,566 | DEBUG | checker | Rate limited; backing off 1.47s (attempt 0).
2026-05-16 06:05:59,025 | DEBUG | checker | Rate limited; backing off 4.43s (attempt 2).
2026-05-16 06:05:59,887 | INFO | checker | AVAILABLE: oni8 (len=4, score=75)
2026-05-16 06:05:59,950 | DEBUG | checker | Rate limited; backing off 1.44s (attempt 0).
2026-05-16 06:06:00,063 | DEBUG | checker | Rate limited; backing off 2.05s (attempt 1).
2026-05-16 06:06:01,387 | DEBUG | checker | Rate limited; backing off 2.33s (attempt 1).
2026-05-16 06:06:01,638 | DEBUG | checker | Rate limited; backing off 1.37s (attempt 0).
2026-05-16 06:06:02,167 | DEBUG | checker | Rate limited; backing off 4.39s (attempt 2).
2026-05-16 06:06:02,753 | DEBUG | checker | Rate limited; backing off 8.15s (attempt 3).
2026-05-16 06:06:02,769 | DEBUG | checker | Rate limited; backing off 32.37s (attempt 5).
2026-05-16 06:06:02,769 | DEBUG | checker | Rate limited; backing off 32.03s (attempt 5).
2026-05-16 06:06:03,049 | DEBUG | checker | Rate limited; backing off 2.13s (attempt 1).
2026-05-16 06:06:03,502 | DEBUG | checker | Rate limited; backing off 8.11s (attempt 3).
2026-05-16 06:06:04,266 | WARNING | checker | Giving up on '4aki' after 6 retries.
2026-05-16 06:06:04,599 | DEBUG | checker | Rate limited; backing off 1.47s (attempt 0).
2026-05-16 06:06:05,221 | DEBUG | checker | Rate limited; backing off 4.18s (attempt 2).
2026-05-16 06:06:05,469 | DEBUG | checker | Rate limited; backing off 16.31s (attempt 4).
2026-05-16 06:06:05,905 | DEBUG | checker | Rate limited; backing off 1.14s (attempt 0).
2026-05-16 06:06:06,590 | DEBUG | checker | Rate limited; backing off 8.15s (attempt 3).
2026-05-16 06:06:07,053 | DEBUG | checker | Rate limited; backing off 1.04s (attempt 0).
2026-05-16 06:06:07,785 | INFO | checker | AVAILABLE: 2yui (len=4, score=75)
2026-05-16 06:06:08,099 | DEBUG | checker | Rate limited; backing off 2.49s (attempt 1).
2026-05-16 06:06:08,188 | DEBUG | checker | Rate limited; backing off 1.02s (attempt 0).
2026-05-16 06:06:11,886 | DEBUG | checker | Rate limited; backing off 1.32s (attempt 0).
2026-05-16 06:06:12,006 | DEBUG | checker | Rate limited; backing off 1.09s (attempt 0).
2026-05-16 06:06:12,515 | INFO | checker | AVAILABLE: 6yui (len=4, score=75)
2026-05-16 06:06:12,869 | DEBUG | checker | Rate limited; backing off 1.47s (attempt 0).
2026-05-16 06:06:13,044 | DEBUG | checker | Rate limited; backing off 1.44s (attempt 0).
2026-05-16 06:06:13,388 | DEBUG | checker | Rate limited; backing off 2.32s (attempt 1).
2026-05-16 06:06:13,420 | DEBUG | checker | Rate limited; backing off 1.43s (attempt 0).
2026-05-16 06:06:13,990 | DEBUG | checker | Rate limited; backing off 1.00s (attempt 0).
2026-05-16 06:06:15,097 | DEBUG | checker | Rate limited; backing off 1.24s (attempt 0).
2026-05-16 06:06:15,253 | DEBUG | checker | Rate limited; backing off 1.01s (attempt 0).
2026-05-16 06:06:15,346 | DEBUG | checker | Rate limited; backing off 1.22s (attempt 0).
2026-05-16 06:06:15,386 | DEBUG | checker | Rate limited; backing off 1.26s (attempt 0).
2026-05-16 06:06:15,563 | DEBUG | checker | Rate limited; backing off 1.03s (attempt 0).
2026-05-16 06:06:16,174 | DEBUG | checker | Rate limited; backing off 1.31s (attempt 0).
2026-05-16 06:06:16,350 | DEBUG | checker | Rate limited; backing off 1.48s (attempt 0).
2026-05-16 06:06:16,590 | DEBUG | checker | Rate limited; backing off 2.30s (attempt 1).
2026-05-16 06:06:16,590 | DEBUG | checker | Rate limited; backing off 2.06s (attempt 1).
2026-05-16 06:06:16,685 | DEBUG | checker | Rate limited; backing off 2.48s (attempt 1).
2026-05-16 06:06:16,893 | DEBUG | checker | Rate limited; backing off 1.02s (attempt 0).
2026-05-16 06:06:17,101 | DEBUG | checker | Rate limited; backing off 2.04s (attempt 1).
2026-05-16 06:06:17,485 | DEBUG | checker | Rate limited; backing off 2.30s (attempt 1).
2026-05-16 06:06:18,568 | DEBUG | checker | Rate limited; backing off 2.08s (attempt 1).
2026-05-16 06:06:18,618 | INFO | checker | AVAILABLE: 2inu (len=4, score=75)
2026-05-16 06:06:19,343 | DEBUG | checker | Rate limited; backing off 4.21s (attempt 2).
2026-05-16 06:06:19,649 | INFO | checker | AVAILABLE: 9ito (len=4, score=75)
2026-05-16 06:06:20,834 | DEBUG | checker | Rate limited; backing off 4.40s (attempt 2).
2026-05-16 06:06:21,187 | DEBUG | checker | Rate limited; backing off 1.36s (attempt 0).
2026-05-16 06:06:21,831 | INFO | checker | AVAILABLE: 8jin (len=4, score=75)
2026-05-16 06:06:21,958 | DEBUG | checker | Rate limited; backing off 32.13s (attempt 5).
2026-05-16 06:06:21,974 | INFO | checker | AVAILABLE: 9inu (len=4, score=75)
2026-05-16 06:06:22,412 | DEBUG | checker | Rate limited; backing off 1.16s (attempt 0).
2026-05-16 06:06:22,648 | DEBUG | checker | Rate limited; backing off 1.28s (attempt 0).
2026-05-16 06:06:23,002 | DEBUG | checker | Rate limited; backing off 1.22s (attempt 0).
2026-05-16 06:06:23,003 | DEBUG | checker | Rate limited; backing off 1.09s (attempt 0).
2026-05-16 06:06:23,364 | DEBUG | checker | Rate limited; backing off 1.02s (attempt 0).
2026-05-16 06:06:23,577 | DEBUG | checker | Rate limited; backing off 8.07s (attempt 3).
2026-05-16 06:06:23,577 | DEBUG | checker | Rate limited; backing off 2.25s (attempt 1).
2026-05-16 06:06:23,930 | DEBUG | checker | Rate limited; backing off 2.02s (attempt 1).
2026-05-16 06:06:24,824 | DEBUG | checker | Rate limited; backing off 2.31s (attempt 1).
2026-05-16 06:06:25,234 | DEBUG | checker | Rate limited; backing off 8.41s (attempt 3).
2026-05-16 06:06:25,234 | DEBUG | checker | Rate limited; backing off 1.05s (attempt 0).
2026-05-16 06:06:25,524 | DEBUG | checker | Rate limited; backing off 1.25s (attempt 0).
2026-05-16 06:06:26,766 | DEBUG | checker | Rate limited; backing off 2.36s (attempt 1).
2026-05-16 06:06:26,935 | DEBUG | checker | Rate limited; backing off 1.19s (attempt 0).
2026-05-16 06:06:27,052 | DEBUG | checker | Rate limited; backing off 1.14s (attempt 0).
2026-05-16 06:06:27,180 | DEBUG | checker | Rate limited; backing off 4.23s (attempt 2).
2026-05-16 06:06:28,165 | DEBUG | checker | Rate limited; backing off 2.35s (attempt 1).
2026-05-16 06:06:28,213 | DEBUG | checker | Rate limited; backing off 2.34s (attempt 1).
2026-05-16 06:06:29,167 | DEBUG | checker | Rate limited; backing off 1.13s (attempt 0).
2026-05-16 06:06:30,169 | DEBUG | checker | Rate limited; backing off 1.11s (attempt 0).
2026-05-16 06:06:30,300 | DEBUG | checker | Rate limited; backing off 2.37s (attempt 1).
2026-05-16 06:06:30,585 | DEBUG | checker | Rate limited; backing off 4.26s (attempt 2).
2026-05-16 06:06:31,277 | DEBUG | checker | Rate limited; backing off 2.03s (attempt 1).
2026-05-16 06:06:31,458 | DEBUG | checker | Rate limited; backing off 8.41s (attempt 3).
2026-05-16 06:06:31,690 | DEBUG | checker | Rate limited; backing off 16.02s (attempt 4).
2026-05-16 06:06:32,688 | DEBUG | checker | Rate limited; backing off 4.28s (attempt 2).
2026-05-16 06:06:33,357 | DEBUG | checker | Rate limited; backing off 4.07s (attempt 2).
2026-05-16 06:06:33,657 | DEBUG | checker | Rate limited; backing off 16.17s (attempt 4).
2026-05-16 06:06:33,818 | DEBUG | checker | Rate limited; backing off 1.02s (attempt 0).
2026-05-16 06:06:34,803 | WARNING | checker | Giving up on 'sho5' after 6 retries.
2026-05-16 06:06:34,930 | DEBUG | checker | Rate limited; backing off 2.35s (attempt 1).
2026-05-16 06:06:34,930 | DEBUG | checker | Rate limited; backing off 8.09s (attempt 3).
2026-05-16 06:06:35,154 | WARNING | checker | Giving up on 'oni2' after 6 retries.
2026-05-16 06:06:35,394 | DEBUG | checker | Rate limited; backing off 1.06s (attempt 0).
2026-05-16 06:06:36,254 | DEBUG | checker | Rate limited; backing off 1.46s (attempt 0).
2026-05-16 06:06:37,021 | DEBUG | checker | Rate limited; backing off 8.47s (attempt 3).
2026-05-16 06:06:37,308 | DEBUG | checker | Rate limited; backing off 4.48s (attempt 2).
2026-05-16 06:06:37,470 | DEBUG | checker | Rate limited; backing off 8.39s (attempt 3).
2026-05-16 06:06:37,756 | DEBUG | checker | Rate limited; backing off 2.45s (attempt 1).
2026-05-16 06:06:38,520 | DEBUG | checker | Rate limited; backing off 1.08s (attempt 0).
2026-05-16 06:06:41,961 | INFO | checker | AVAILABLE: ito4 (len=4, score=75)
2026-05-16 06:06:43,321 | DEBUG | checker | Rate limited; backing off 1.08s (attempt 0).
2026-05-16 06:06:43,543 | DEBUG | checker | Rate limited; backing off 1.06s (attempt 0).
2026-05-16 06:06:43,623 | DEBUG | checker | Rate limited; backing off 1.30s (attempt 0).
2026-05-16 06:06:43,816 | DEBUG | checker | Rate limited; backing off 1.03s (attempt 0).
2026-05-16 06:06:44,278 | INFO | checker | AVAILABLE: 5ryo (len=4, score=75)
2026-05-16 06:06:44,668 | DEBUG | checker | Rate limited; backing off 1.41s (attempt 0).
2026-05-16 06:06:45,024 | DEBUG | checker | Rate limited; backing off 2.35s (attempt 1).
2026-05-16 06:06:45,117 | DEBUG | checker | Rate limited; backing off 2.29s (attempt 1).
2026-05-16 06:06:45,509 | DEBUG | checker | Rate limited; backing off 16.24s (attempt 4).
2026-05-16 06:06:45,509 | DEBUG | checker | Rate limited; backing off 1.15s (attempt 0).
2026-05-16 06:06:45,819 | DEBUG | checker | Rate limited; backing off 1.03s (attempt 0).
2026-05-16 06:06:46,666 | DEBUG | checker | Rate limited; backing off 2.07s (attempt 1).
2026-05-16 06:06:46,809 | DEBUG | checker | Rate limited; backing off 2.21s (attempt 1).
2026-05-16 06:06:46,841 | DEBUG | checker | Rate limited; backing off 1.49s (attempt 0).
2026-05-16 06:06:47,717 | DEBUG | checker | Rate limited; backing off 32.08s (attempt 5).
2026-05-16 06:06:47,851 | DEBUG | checker | Rate limited; backing off 1.25s (attempt 0).
2026-05-16 06:06:48,005 | DEBUG | checker | Rate limited; backing off 1.39s (attempt 0).
2026-05-16 06:06:48,133 | INFO | checker | AVAILABLE: 8mai (len=4, score=75)
2026-05-16 06:06:48,339 | DEBUG | checker | Rate limited; backing off 2.50s (attempt 1).
2026-05-16 06:06:48,698 | DEBUG | checker | Rate limited; backing off 1.07s (attempt 0).
2026-05-16 06:06:48,750 | DEBUG | checker | Rate limited; backing off 4.07s (attempt 2).
2026-05-16 06:06:49,716 | INFO | checker | AVAILABLE: 8tai (len=4, score=75)
2026-05-16 06:06:49,784 | DEBUG | checker | Rate limited; backing off 2.25s (attempt 1).
2026-05-16 06:06:49,827 | DEBUG | checker | Rate limited; backing off 32.15s (attempt 5).
2026-05-16 06:06:50,138 | DEBUG | checker | Rate limited; backing off 2.32s (attempt 1).
2026-05-16 06:06:50,742 | DEBUG | checker | Rate limited; backing off 1.02s (attempt 0).
2026-05-16 06:06:50,811 | DEBUG | checker | Rate limited; backing off 1.37s (attempt 0).
2026-05-16 06:06:50,822 | DEBUG | checker | Rate limited; backing off 4.45s (attempt 2).
2026-05-16 06:06:51,793 | DEBUG | checker | Rate limited; backing off 2.13s (attempt 1).
2026-05-16 06:06:52,049 | DEBUG | checker | Rate limited; backing off 4.39s (attempt 2).
2026-05-16 06:06:52,503 | DEBUG | checker | Rate limited; backing off 4.31s (attempt 2).
2026-05-16 06:06:52,892 | DEBUG | checker | Rate limited; backing off 8.42s (attempt 3).
2026-05-16 06:06:53,179 | DEBUG | checker | Rate limited; backing off 1.17s (attempt 0).
2026-05-16 06:06:53,963 | DEBUG | checker | Rate limited; backing off 4.32s (attempt 2).
2026-05-16 06:06:54,102 | WARNING | checker | Giving up on '2nao' after 6 retries.
2026-05-16 06:06:55,071 | INFO | checker | AVAILABLE: 0inu (len=4, score=75)
2026-05-16 06:06:55,278 | DEBUG | checker | Rate limited; backing off 8.22s (attempt 3).
2026-05-16 06:06:55,433 | DEBUG | checker | Rate limited; backing off 1.20s (attempt 0).
2026-05-16 06:06:55,522 | DEBUG | checker | Rate limited; backing off 1.31s (attempt 0).
2026-05-16 06:06:56,498 | DEBUG | checker | Rate limited; backing off 8.46s (attempt 3).
2026-05-16 06:06:56,866 | DEBUG | checker | Rate limited; backing off 2.12s (attempt 1).
2026-05-16 06:06:56,866 | DEBUG | checker | Rate limited; backing off 8.15s (attempt 3).
2026-05-16 06:06:57,635 | DEBUG | checker | Rate limited; backing off 1.03s (attempt 0).
2026-05-16 06:06:58,318 | DEBUG | checker | Rate limited; backing off 8.29s (attempt 3).
2026-05-16 06:06:59,272 | DEBUG | checker | Rate limited; backing off 4.03s (attempt 2).
2026-05-16 06:06:59,784 | DEBUG | checker | Rate limited; backing off 1.29s (attempt 0).
2026-05-16 06:07:01,150 | DEBUG | checker | Rate limited; backing off 2.07s (attempt 1).
2026-05-16 06:07:01,404 | DEBUG | checker | Rate limited; backing off 16.45s (attempt 4).
2026-05-16 06:07:02,835 | DEBUG | checker | Rate limited; backing off 1.45s (attempt 0).
2026-05-16 06:07:03,276 | DEBUG | checker | Rate limited; backing off 4.06s (attempt 2).
2026-05-16 06:07:03,350 | DEBUG | checker | Rate limited; backing off 8.04s (attempt 3).
2026-05-16 06:07:03,527 | DEBUG | checker | Rate limited; backing off 16.21s (attempt 4).
2026-05-16 06:07:04,815 | DEBUG | checker | Rate limited; backing off 1.47s (attempt 0).
2026-05-16 06:07:05,021 | DEBUG | checker | Rate limited; backing off 16.21s (attempt 4).
2026-05-16 06:07:05,053 | DEBUG | checker | Rate limited; backing off 16.04s (attempt 4).
2026-05-16 06:07:06,334 | DEBUG | checker | Rate limited; backing off 2.48s (attempt 1).
2026-05-16 06:07:06,644 | DEBUG | checker | Rate limited; backing off 16.11s (attempt 4).
2026-05-16 06:07:08,474 | DEBUG | checker | Rate limited; backing off 1.05s (attempt 0).
2026-05-16 06:07:12,446 | INFO | checker | AVAILABLE: 5tai (len=4, score=75)
2026-05-16 06:07:15,560 | DEBUG | checker | Rate limited; backing off 1.16s (attempt 0).
2026-05-16 06:07:15,576 | INFO | checker | AVAILABLE: 6ryo (len=4, score=75)
2026-05-16 06:07:16,779 | DEBUG | checker | Rate limited; backing off 1.26s (attempt 0).
2026-05-16 06:07:16,897 | DEBUG | checker | Rate limited; backing off 2.05s (attempt 1).
2026-05-16 06:07:17,622 | DEBUG | checker | Rate limited; backing off 1.37s (attempt 0).
2026-05-16 06:07:19,006 | DEBUG | checker | Rate limited; backing off 2.14s (attempt 1).
2026-05-16 06:07:19,006 | DEBUG | checker | Rate limited; backing off 1.25s (attempt 0).
2026-05-16 06:07:19,081 | DEBUG | checker | Rate limited; backing off 1.49s (attempt 0).
2026-05-16 06:07:19,133 | INFO | checker | AVAILABLE: 7tai (len=4, score=75)
2026-05-16 06:07:19,711 | DEBUG | checker | Rate limited; backing off 1.35s (attempt 0).
2026-05-16 06:07:19,796 | WARNING | checker | Giving up on '8kai' after 6 retries.
2026-05-16 06:07:20,273 | DEBUG | checker | Rate limited; backing off 1.48s (attempt 0).
2026-05-16 06:07:21,000 | DEBUG | checker | Rate limited; backing off 2.40s (attempt 1).
2026-05-16 06:07:21,175 | DEBUG | checker | Rate limited; backing off 1.44s (attempt 0).
2026-05-16 06:07:21,414 | DEBUG | checker | Rate limited; backing off 1.37s (attempt 0).
2026-05-16 06:07:21,829 | DEBUG | checker | Rate limited; backing off 4.45s (attempt 2).
2026-05-16 06:07:21,925 | DEBUG | checker | Rate limited; backing off 2.45s (attempt 1).
2026-05-16 06:07:21,952 | DEBUG | checker | Rate limited; backing off 32.05s (attempt 5).
2026-05-16 06:07:21,989 | WARNING | checker | Giving up on 'sho1' after 6 retries.
2026-05-16 06:07:22,722 | DEBUG | checker | Rate limited; backing off 1.19s (attempt 0).
2026-05-16 06:07:22,881 | INFO | checker | AVAILABLE: 5aka (len=4, score=65)
2026-05-16 06:07:22,961 | DEBUG | checker | Rate limited; backing off 2.06s (attempt 1).
2026-05-16 06:07:23,303 | INFO | checker | AVAILABLE: 9aka (len=4, score=65)
2026-05-16 06:07:23,420 | DEBUG | checker | Rate limited; backing off 4.49s (attempt 2).
2026-05-16 06:07:23,449 | INFO | checker | AVAILABLE: 8oni (len=4, score=75)
2026-05-16 06:07:23,700 | DEBUG | checker | Rate limited; backing off 1.11s (attempt 0).
2026-05-16 06:07:23,711 | DEBUG | checker | Rate limited; backing off 1.49s (attempt 0).
2026-05-16 06:07:23,922 | DEBUG | checker | Rate limited; backing off 2.46s (attempt 1).
2026-05-16 06:07:24,480 | DEBUG | checker | Rate limited; backing off 1.28s (attempt 0).
2026-05-16 06:07:24,818 | DEBUG | checker | Rate limited; backing off 2.07s (attempt 1).
2026-05-16 06:07:25,106 | DEBUG | checker | Rate limited; backing off 4.08s (attempt 2).
2026-05-16 06:07:25,726 | DEBUG | checker | Rate limited; backing off 4.29s (attempt 2).
2026-05-16 06:07:25,918 | DEBUG | checker | Rate limited; backing off 2.00s (attempt 1).
2026-05-16 06:07:26,428 | DEBUG | checker | Rate limited; backing off 2.28s (attempt 1).
2026-05-16 06:07:27,083 | DEBUG | checker | Rate limited; backing off 4.26s (attempt 2).
2026-05-16 06:07:27,115 | DEBUG | checker | Rate limited; backing off 4.43s (attempt 2).
2026-05-16 06:07:27,163 | DEBUG | checker | Rate limited; backing off 1.49s (attempt 0).
2026-05-16 06:07:30,828 | INFO | checker | Interrupted by user; progress saved to checkpoint.
2026-05-16 06:17:20,757 | INFO | checker | Resumed checkpoint: 450 names already checked.
2026-05-16 06:17:20,757 | DEBUG | checker | Signal 2 not installable on this platform.
2026-05-16 06:17:20,757 | DEBUG | checker | Signal 15 not installable on this platform.
2026-05-16 06:17:21,282 | INFO | checker | Scanning 47915 candidate name(s) for length(s) [3].
2026-05-16 06:17:24,418 | DEBUG | checker | Rate limited; backing off 1.47s (attempt 0).
2026-05-16 06:17:24,545 | DEBUG | checker | Rate limited; backing off 1.10s (attempt 0).
2026-05-16 06:17:24,577 | DEBUG | checker | Rate limited; backing off 1.43s (attempt 0).
2026-05-16 06:17:24,849 | DEBUG | checker | Rate limited; backing off 1.09s (attempt 0).
2026-05-16 06:17:24,992 | DEBUG | checker | Rate limited; backing off 1.31s (attempt 0).
2026-05-16 06:17:25,215 | DEBUG | checker | Rate limited; backing off 1.34s (attempt 0).
2026-05-16 06:17:25,373 | DEBUG | checker | Rate limited; backing off 1.26s (attempt 0).
2026-05-16 06:17:25,373 | DEBUG | checker | Rate limited; backing off 1.10s (attempt 0).
2026-05-16 06:17:25,373 | DEBUG | checker | Rate limited; backing off 1.37s (attempt 0).
2026-05-16 06:17:25,422 | DEBUG | checker | Rate limited; backing off 1.11s (attempt 0).
2026-05-16 06:17:25,675 | DEBUG | checker | Rate limited; backing off 2.33s (attempt 1).
2026-05-16 06:17:26,358 | DEBUG | checker | Rate limited; backing off 2.48s (attempt 1).
2026-05-16 06:17:26,534 | DEBUG | checker | Rate limited; backing off 2.42s (attempt 1).
2026-05-16 06:17:26,568 | DEBUG | checker | Rate limited; backing off 2.20s (attempt 1).
2026-05-16 06:17:26,661 | DEBUG | checker | Rate limited; backing off 2.05s (attempt 1).
2026-05-16 06:17:26,757 | DEBUG | checker | Rate limited; backing off 2.11s (attempt 1).
2026-05-16 06:17:27,651 | DEBUG | checker | Rate limited; backing off 1.07s (attempt 0).
2026-05-16 06:17:28,006 | DEBUG | checker | Rate limited; backing off 1.03s (attempt 0).
2026-05-16 06:17:28,015 | DEBUG | checker | Rate limited; backing off 4.36s (attempt 2).
2026-05-16 06:17:28,704 | DEBUG | checker | Rate limited; backing off 2.16s (attempt 1).
2026-05-16 06:17:28,752 | DEBUG | checker | Rate limited; backing off 4.03s (attempt 2).
2026-05-16 06:17:28,752 | DEBUG | checker | Rate limited; backing off 4.08s (attempt 2).
2026-05-16 06:17:28,881 | DEBUG | checker | Rate limited; backing off 4.06s (attempt 2).
2026-05-16 06:17:28,911 | DEBUG | checker | Rate limited; backing off 4.14s (attempt 2).
2026-05-16 06:17:29,071 | DEBUG | checker | Rate limited; backing off 2.04s (attempt 1).
2026-05-16 06:17:29,150 | DEBUG | checker | Rate limited; backing off 1.49s (attempt 0).
2026-05-16 06:17:29,421 | DEBUG | checker | Rate limited; backing off 1.49s (attempt 0).
2026-05-16 06:17:30,008 | DEBUG | checker | Rate limited; backing off 1.11s (attempt 0).
2026-05-16 06:17:30,982 | DEBUG | checker | Rate limited; backing off 2.15s (attempt 1).
2026-05-16 06:17:31,172 | DEBUG | checker | Rate limited; backing off 4.20s (attempt 2).
2026-05-16 06:17:31,761 | DEBUG | checker | Rate limited; backing off 1.03s (attempt 0).
2026-05-16 06:17:31,905 | DEBUG | checker | Rate limited; backing off 1.22s (attempt 0).
2026-05-16 06:17:32,142 | DEBUG | checker | Rate limited; backing off 1.21s (attempt 0).
2026-05-16 06:17:35,999 | DEBUG | checker | Rate limited; backing off 1.09s (attempt 0).
2026-05-16 06:17:36,031 | DEBUG | checker | Rate limited; backing off 1.27s (attempt 0).
2026-05-16 06:17:36,206 | DEBUG | checker | Rate limited; backing off 1.29s (attempt 0).
2026-05-16 06:17:36,240 | DEBUG | checker | Rate limited; backing off 1.15s (attempt 0).
2026-05-16 06:17:36,277 | DEBUG | checker | Rate limited; backing off 1.10s (attempt 0).
2026-05-16 06:17:36,521 | DEBUG | checker | Rate limited; backing off 1.19s (attempt 0).
2026-05-16 06:17:36,521 | DEBUG | checker | Rate limited; backing off 1.31s (attempt 0).
2026-05-16 06:17:36,621 | DEBUG | checker | Rate limited; backing off 1.02s (attempt 0).
2026-05-16 06:17:36,829 | DEBUG | checker | Rate limited; backing off 1.03s (attempt 0).
2026-05-16 06:17:37,722 | DEBUG | checker | Rate limited; backing off 2.49s (attempt 1).
2026-05-16 06:17:37,866 | DEBUG | checker | Rate limited; backing off 2.38s (attempt 1).
2026-05-16 06:17:38,215 | DEBUG | checker | Rate limited; backing off 1.13s (attempt 0).
2026-05-16 06:17:38,342 | DEBUG | checker | Rate limited; backing off 1.25s (attempt 0).
2026-05-16 06:17:38,342 | DEBUG | checker | Rate limited; backing off 1.43s (attempt 0).
2026-05-16 06:17:38,342 | DEBUG | checker | Rate limited; backing off 1.07s (attempt 0).
2026-05-16 06:17:38,454 | DEBUG | checker | Rate limited; backing off 1.26s (attempt 0).
2026-05-16 06:17:38,598 | DEBUG | checker | Rate limited; backing off 1.01s (attempt 0).
2026-05-16 06:17:38,916 | DEBUG | checker | Rate limited; backing off 1.40s (attempt 0).
2026-05-16 06:17:39,091 | DEBUG | checker | Rate limited; backing off 1.40s (attempt 0).
2026-05-16 06:17:39,384 | DEBUG | checker | Rate limited; backing off 2.27s (attempt 1).
2026-05-16 06:17:39,460 | DEBUG | checker | Rate limited; backing off 2.45s (attempt 1).
2026-05-16 06:17:39,650 | DEBUG | checker | Rate limited; backing off 2.21s (attempt 1).
2026-05-16 06:17:39,666 | DEBUG | checker | Rate limited; backing off 2.07s (attempt 1).
2026-05-16 06:17:39,774 | DEBUG | checker | Rate limited; backing off 2.29s (attempt 1).
2026-05-16 06:17:39,808 | DEBUG | checker | Rate limited; backing off 2.37s (attempt 1).
2026-05-16 06:17:40,266 | DEBUG | checker | Rate limited; backing off 4.38s (attempt 2).
2026-05-16 06:17:41,290 | DEBUG | checker | Rate limited; backing off 1.07s (attempt 0).
2026-05-16 06:17:41,419 | DEBUG | checker | Rate limited; backing off 1.09s (attempt 0).
2026-05-16 06:17:41,530 | DEBUG | checker | Rate limited; backing off 1.48s (attempt 0).
2026-05-16 06:17:41,771 | DEBUG | checker | Rate limited; backing off 4.05s (attempt 2).
2026-05-16 06:17:42,524 | DEBUG | checker | Rate limited; backing off 2.17s (attempt 1).
2026-05-16 06:17:42,674 | DEBUG | checker | Rate limited; backing off 1.36s (attempt 0).
2026-05-16 06:17:42,850 | DEBUG | checker | Rate limited; backing off 1.49s (attempt 0).
2026-05-16 06:17:42,960 | DEBUG | checker | Rate limited; backing off 1.29s (attempt 0).
2026-05-16 06:17:43,024 | DEBUG | checker | Rate limited; backing off 2.40s (attempt 1).
2026-05-16 06:17:43,120 | DEBUG | checker | Rate limited; backing off 1.18s (attempt 0).
2026-05-16 06:17:46,797 | DEBUG | checker | Rate limited; backing off 1.25s (attempt 0).
2026-05-16 06:17:47,096 | DEBUG | checker | Rate limited; backing off 1.39s (attempt 0).
2026-05-16 06:17:47,211 | DEBUG | checker | Rate limited; backing off 1.01s (attempt 0).
2026-05-16 06:17:47,211 | DEBUG | checker | Rate limited; backing off 1.41s (attempt 0).
2026-05-16 06:17:47,275 | DEBUG | checker | Rate limited; backing off 1.08s (attempt 0).
2026-05-16 06:17:47,322 | DEBUG | checker | Rate limited; backing off 1.36s (attempt 0).
2026-05-16 06:17:47,687 | DEBUG | checker | Rate limited; backing off 1.19s (attempt 0).
2026-05-16 06:17:47,687 | DEBUG | checker | Rate limited; backing off 1.08s (attempt 0).
2026-05-16 06:17:47,782 | DEBUG | checker | Rate limited; backing off 1.38s (attempt 0).
2026-05-16 06:17:48,228 | DEBUG | checker | Rate limited; backing off 2.30s (attempt 1).
2026-05-16 06:17:48,897 | DEBUG | checker | Rate limited; backing off 2.04s (attempt 1).
2026-05-16 06:17:49,184 | DEBUG | checker | Rate limited; backing off 2.27s (attempt 1).
2026-05-16 06:17:49,470 | DEBUG | checker | Rate limited; backing off 1.19s (attempt 0).
2026-05-16 06:17:49,470 | DEBUG | checker | Rate limited; backing off 1.30s (attempt 0).
2026-05-16 06:17:49,501 | DEBUG | checker | Rate limited; backing off 1.24s (attempt 0).
2026-05-16 06:17:49,650 | DEBUG | checker | Rate limited; backing off 1.22s (attempt 0).
2026-05-16 06:17:49,725 | DEBUG | checker | Rate limited; backing off 1.36s (attempt 0).
2026-05-16 06:17:49,840 | DEBUG | checker | Rate limited; backing off 1.50s (attempt 0).
2026-05-16 06:17:49,840 | DEBUG | checker | Rate limited; backing off 1.06s (attempt 0).
2026-05-16 06:17:50,761 | DEBUG | checker | Rate limited; backing off 2.15s (attempt 1).
2026-05-16 06:17:50,792 | DEBUG | checker | Rate limited; backing off 2.45s (attempt 1).
2026-05-16 06:17:50,907 | DEBUG | checker | Rate limited; backing off 2.01s (attempt 1).
2026-05-16 06:17:50,936 | DEBUG | checker | Rate limited; backing off 2.09s (attempt 1).
2026-05-16 06:17:51,015 | DEBUG | checker | Rate limited; backing off 1.37s (attempt 0).
2026-05-16 06:17:51,381 | DEBUG | checker | Rate limited; backing off 2.21s (attempt 1).
2026-05-16 06:17:51,460 | DEBUG | checker | Rate limited; backing off 4.42s (attempt 2).
2026-05-16 06:17:51,794 | DEBUG | checker | Rate limited; backing off 1.19s (attempt 0).
2026-05-16 06:17:51,921 | DEBUG | checker | Rate limited; backing off 1.19s (attempt 0).
2026-05-16 06:17:52,410 | DEBUG | checker | Rate limited; backing off 2.15s (attempt 1).
2026-05-16 06:17:52,701 | DEBUG | checker | Rate limited; backing off 1.39s (attempt 0).
2026-05-16 06:17:52,939 | DEBUG | checker | Rate limited; backing off 4.49s (attempt 2).
2026-05-16 06:17:53,259 | DEBUG | checker | Rate limited; backing off 4.05s (attempt 2).
2026-05-16 06:17:53,291 | DEBUG | checker | Rate limited; backing off 4.10s (attempt 2).
2026-05-16 06:17:53,969 | DEBUG | checker | Rate limited; backing off 1.23s (attempt 0).
2026-05-16 06:17:54,098 | DEBUG | checker | Rate limited; backing off 2.28s (attempt 1).
2026-05-16 06:17:54,177 | DEBUG | checker | Rate limited; backing off 1.25s (attempt 0).
2026-05-16 06:17:54,351 | DEBUG | checker | Rate limited; backing off 1.23s (attempt 0).
2026-05-16 06:17:54,621 | DEBUG | checker | Rate limited; backing off 1.14s (attempt 0).
2026-05-16 06:17:54,623 | DEBUG | checker | Rate limited; backing off 4.08s (attempt 2).
2026-05-16 06:17:55,269 | DEBUG | checker | Rate limited; backing off 2.12s (attempt 1).
2026-05-16 06:17:55,611 | DEBUG | checker | Rate limited; backing off 2.39s (attempt 1).
2026-05-16 06:17:55,786 | DEBUG | checker | Rate limited; backing off 2.50s (attempt 1).
2026-05-16 06:17:56,391 | DEBUG | checker | Rate limited; backing off 4.11s (attempt 2).
2026-05-16 06:17:56,455 | DEBUG | checker | Rate limited; backing off 1.05s (attempt 0).
2026-05-16 06:17:56,979 | DEBUG | checker | Rate limited; backing off 1.08s (attempt 0).
2026-05-16 06:17:57,349 | DEBUG | checker | Rate limited; backing off 8.21s (attempt 3).
2026-05-16 06:17:57,442 | DEBUG | checker | Rate limited; backing off 4.03s (attempt 2).
2026-05-16 06:17:57,442 | DEBUG | checker | Rate limited; backing off 8.46s (attempt 3).
2026-05-16 06:17:57,458 | DEBUG | checker | Rate limited; backing off 8.24s (attempt 3).
2026-05-16 06:17:57,570 | DEBUG | checker | Rate limited; backing off 2.21s (attempt 1).
2026-05-16 06:17:58,079 | DEBUG | checker | Rate limited; backing off 2.32s (attempt 1).
2026-05-16 06:17:58,319 | DEBUG | checker | Rate limited; backing off 4.45s (attempt 2).
2026-05-16 06:17:58,733 | DEBUG | checker | Rate limited; backing off 8.33s (attempt 3).
2026-05-16 06:17:58,956 | DEBUG | checker | Rate limited; backing off 1.49s (attempt 0).
2026-05-16 06:18:00,440 | DEBUG | checker | Rate limited; backing off 4.06s (attempt 2).
2026-05-16 06:18:00,776 | DEBUG | checker | Rate limited; backing off 1.29s (attempt 0).
2026-05-16 06:18:01,411 | DEBUG | checker | Rate limited; backing off 1.39s (attempt 0).
2026-05-16 06:18:01,476 | DEBUG | checker | Rate limited; backing off 8.42s (attempt 3).
2026-05-16 06:18:01,600 | DEBUG | checker | Rate limited; backing off 1.37s (attempt 0).
2026-05-16 06:18:02,795 | DEBUG | checker | Rate limited; backing off 2.41s (attempt 1).
2026-05-16 06:18:02,813 | DEBUG | checker | Rate limited; backing off 8.32s (attempt 3).
2026-05-16 06:18:03,021 | DEBUG | checker | Rate limited; backing off 2.11s (attempt 1).
2026-05-16 06:18:03,112 | DEBUG | checker | Rate limited; backing off 1.49s (attempt 0).
2026-05-16 06:18:04,559 | DEBUG | checker | Rate limited; backing off 8.26s (attempt 3).
2026-05-16 06:18:04,676 | DEBUG | checker | Rate limited; backing off 2.34s (attempt 1).
2026-05-16 06:18:05,275 | DEBUG | checker | Rate limited; backing off 4.33s (attempt 2).
2026-05-16 06:18:05,757 | DEBUG | checker | Rate limited; backing off 16.25s (attempt 4).
2026-05-16 06:18:05,920 | DEBUG | checker | Rate limited; backing off 16.28s (attempt 4).
2026-05-16 06:18:06,251 | DEBUG | checker | Rate limited; backing off 1.15s (attempt 0).
2026-05-16 06:18:06,589 | DEBUG | checker | Rate limited; backing off 1.46s (attempt 0).
2026-05-16 06:18:07,123 | DEBUG | checker | Rate limited; backing off 16.10s (attempt 4).
2026-05-16 06:18:07,432 | DEBUG | checker | Rate limited; backing off 2.31s (attempt 1).
2026-05-16 06:18:07,989 | DEBUG | checker | Rate limited; backing off 1.09s (attempt 0).
2026-05-16 06:18:08,085 | DEBUG | checker | Rate limited; backing off 2.30s (attempt 1).
2026-05-16 06:18:13,741 | DEBUG | checker | Rate limited; backing off 1.37s (attempt 0).
2026-05-16 06:18:13,741 | DEBUG | checker | Rate limited; backing off 1.10s (attempt 0).
2026-05-16 06:18:13,777 | DEBUG | checker | Rate limited; backing off 1.42s (attempt 0).
2026-05-16 06:18:13,838 | DEBUG | checker | Rate limited; backing off 1.01s (attempt 0).
2026-05-16 06:18:13,848 | DEBUG | checker | Rate limited; backing off 1.30s (attempt 0).
2026-05-16 06:18:13,884 | DEBUG | checker | Rate limited; backing off 1.45s (attempt 0).
2026-05-16 06:18:13,948 | DEBUG | checker | Rate limited; backing off 1.30s (attempt 0).
2026-05-16 06:18:15,031 | DEBUG | checker | Rate limited; backing off 2.37s (attempt 1).
2026-05-16 06:18:15,110 | DEBUG | checker | Rate limited; backing off 2.45s (attempt 1).
2026-05-16 06:18:15,826 | DEBUG | checker | Rate limited; backing off 1.02s (attempt 0).
2026-05-16 06:18:16,049 | DEBUG | checker | Rate limited; backing off 2.03s (attempt 1).
2026-05-16 06:18:16,097 | DEBUG | checker | Rate limited; backing off 1.18s (attempt 0).
2026-05-16 06:18:16,314 | DEBUG | checker | Rate limited; backing off 1.01s (attempt 0).
2026-05-16 06:18:16,322 | DEBUG | checker | Rate limited; backing off 1.09s (attempt 0).
2026-05-16 06:18:16,866 | DEBUG | checker | Rate limited; backing off 2.49s (attempt 1).
2026-05-16 06:18:17,458 | DEBUG | checker | Rate limited; backing off 2.07s (attempt 1).
2026-05-16 06:18:18,001 | DEBUG | checker | Rate limited; backing off 2.46s (attempt 1).
2026-05-16 06:18:18,112 | DEBUG | checker | Rate limited; backing off 4.46s (attempt 2).
2026-05-16 06:18:18,190 | DEBUG | checker | Rate limited; backing off 1.27s (attempt 0).
2026-05-16 06:18:18,303 | DEBUG | checker | Rate limited; backing off 1.20s (attempt 0).
2026-05-16 06:18:18,463 | DEBUG | checker | Rate limited; backing off 1.42s (attempt 0).
2026-05-16 06:18:19,417 | DEBUG | checker | Rate limited; backing off 4.36s (attempt 2).
2026-05-16 06:18:20,453 | DEBUG | checker | Rate limited; backing off 1.19s (attempt 0).
2026-05-16 06:18:20,453 | DEBUG | checker | Rate limited; backing off 1.44s (attempt 0).
2026-05-16 06:18:20,453 | DEBUG | checker | Rate limited; backing off 4.10s (attempt 2).
2026-05-16 06:18:20,932 | DEBUG | checker | Rate limited; backing off 1.05s (attempt 0).
2026-05-16 06:18:21,474 | DEBUG | checker | Rate limited; backing off 1.15s (attempt 0).
2026-05-16 06:18:21,682 | DEBUG | checker | Rate limited; backing off 2.39s (attempt 1).
2026-05-16 06:18:22,052 | DEBUG | checker | Rate limited; backing off 32.14s (attempt 5).
2026-05-16 06:18:22,608 | DEBUG | checker | Rate limited; backing off 8.27s (attempt 3).
2026-05-16 06:18:22,656 | DEBUG | checker | Rate limited; backing off 2.37s (attempt 1).
2026-05-16 06:18:22,720 | DEBUG | checker | Rate limited; backing off 2.34s (attempt 1).
2026-05-16 06:18:23,145 | DEBUG | checker | Rate limited; backing off 1.04s (attempt 0).
2026-05-16 06:18:23,246 | DEBUG | checker | Rate limited; backing off 32.10s (attempt 5).
2026-05-16 06:18:23,359 | DEBUG | checker | Rate limited; backing off 1.01s (attempt 0).
2026-05-16 06:18:23,803 | DEBUG | checker | Rate limited; backing off 8.08s (attempt 3).
2026-05-16 06:18:24,218 | DEBUG | checker | Rate limited; backing off 2.05s (attempt 1).
2026-05-16 06:18:24,408 | DEBUG | checker | Rate limited; backing off 2.29s (attempt 1).
2026-05-16 06:18:24,602 | DEBUG | checker | Rate limited; backing off 8.23s (attempt 3).
2026-05-16 06:18:25,047 | DEBUG | checker | Rate limited; backing off 4.39s (attempt 2).
2026-05-16 06:18:29,680 | DEBUG | checker | Rate limited; backing off 1.20s (attempt 0).
2026-05-16 06:18:30,361 | DEBUG | checker | Rate limited; backing off 1.35s (attempt 0).
2026-05-16 06:18:30,760 | DEBUG | checker | Rate limited; backing off 1.12s (attempt 0).
2026-05-16 06:18:30,911 | DEBUG | checker | Rate limited; backing off 16.15s (attempt 4).
2026-05-16 06:18:31,253 | DEBUG | checker | Rate limited; backing off 1.19s (attempt 0).
2026-05-16 06:18:31,306 | DEBUG | checker | Rate limited; backing off 1.16s (attempt 0).
2026-05-16 06:18:31,308 | DEBUG | checker | Rate limited; backing off 1.46s (attempt 0).
2026-05-16 06:18:31,934 | DEBUG | checker | Rate limited; backing off 16.26s (attempt 4).
2026-05-16 06:18:32,941 | DEBUG | checker | Rate limited; backing off 2.17s (attempt 1).
2026-05-16 06:18:33,035 | DEBUG | checker | Rate limited; backing off 2.38s (attempt 1).
2026-05-16 06:18:33,426 | DEBUG | checker | Rate limited; backing off 2.32s (attempt 1).
2026-05-16 06:18:33,621 | DEBUG | checker | Rate limited; backing off 1.22s (attempt 0).
2026-05-16 06:18:34,097 | DEBUG | checker | Rate limited; backing off 1.23s (attempt 0).
2026-05-16 06:18:34,667 | DEBUG | checker | Rate limited; backing off 1.27s (attempt 0).
2026-05-16 06:18:35,380 | DEBUG | checker | Rate limited; backing off 2.01s (attempt 1).
2026-05-16 06:18:35,465 | DEBUG | checker | Rate limited; backing off 4.09s (attempt 2).
2026-05-16 06:18:35,772 | DEBUG | checker | Rate limited; backing off 4.24s (attempt 2).
2026-05-16 06:18:35,956 | DEBUG | checker | Rate limited; backing off 2.39s (attempt 1).
2026-05-16 06:18:36,333 | DEBUG | checker | Rate limited; backing off 1.30s (attempt 0).
2026-05-16 06:18:36,883 | DEBUG | checker | Rate limited; backing off 1.09s (attempt 0).
2026-05-16 06:18:37,457 | DEBUG | checker | Rate limited; backing off 4.37s (attempt 2).
2026-05-16 06:18:37,689 | DEBUG | checker | Rate limited; backing off 2.24s (attempt 1).
2026-05-16 06:18:38,025 | DEBUG | checker | Rate limited; backing off 2.43s (attempt 1).
2026-05-16 06:18:38,404 | DEBUG | checker | Rate limited; backing off 4.02s (attempt 2).
2026-05-16 06:18:39,595 | DEBUG | checker | Rate limited; backing off 8.06s (attempt 3).
2026-05-16 06:18:40,501 | DEBUG | checker | Rate limited; backing off 4.48s (attempt 2).
2026-05-16 06:18:40,954 | DEBUG | checker | Rate limited; backing off 1.25s (attempt 0).
2026-05-16 06:18:40,954 | DEBUG | checker | Rate limited; backing off 1.21s (attempt 0).
2026-05-16 06:18:42,191 | DEBUG | checker | Rate limited; backing off 2.42s (attempt 1).
2026-05-16 06:18:42,224 | DEBUG | checker | Rate limited; backing off 2.22s (attempt 1).
2026-05-16 06:18:42,495 | DEBUG | checker | Rate limited; backing off 8.11s (attempt 3).
2026-05-16 06:18:43,381 | DEBUG | checker | Rate limited; backing off 1.16s (attempt 0).
2026-05-16 06:18:44,556 | DEBUG | checker | Rate limited; backing off 4.04s (attempt 2).
2026-05-16 06:18:44,718 | DEBUG | checker | Rate limited; backing off 2.41s (attempt 1).
2026-05-16 06:18:45,093 | DEBUG | checker | Rate limited; backing off 8.01s (attempt 3).
2026-05-16 06:18:45,882 | DEBUG | checker | Rate limited; backing off 1.17s (attempt 0).
2026-05-16 06:18:49,833 | DEBUG | checker | Rate limited; backing off 1.15s (attempt 0).
2026-05-16 06:18:50,136 | DEBUG | checker | Rate limited; backing off 1.01s (attempt 0).
2026-05-16 06:18:50,774 | DEBUG | checker | Rate limited; backing off 16.10s (attempt 4).
2026-05-16 06:18:50,790 | DEBUG | checker | Rate limited; backing off 1.14s (attempt 0).
2026-05-16 06:18:51,716 | DEBUG | checker | Rate limited; backing off 1.25s (attempt 0).
2026-05-16 06:18:51,747 | DEBUG | checker | Rate limited; backing off 1.27s (attempt 0).
2026-05-16 06:18:51,759 | DEBUG | checker | Rate limited; backing off 1.33s (attempt 0).
2026-05-16 06:18:51,829 | DEBUG | checker | Rate limited; backing off 1.43s (attempt 0).
2026-05-16 06:18:51,947 | DEBUG | checker | Rate limited; backing off 2.12s (attempt 1).
2026-05-16 06:18:52,116 | DEBUG | checker | Rate limited; backing off 1.17s (attempt 0).
2026-05-16 06:18:52,984 | DEBUG | checker | Rate limited; backing off 2.37s (attempt 1).
2026-05-16 06:18:53,167 | DEBUG | checker | Rate limited; backing off 16.00s (attempt 4).
2026-05-16 06:18:53,264 | DEBUG | checker | Rate limited; backing off 2.49s (attempt 1).
2026-05-16 06:18:53,998 | DEBUG | checker | Rate limited; backing off 1.22s (attempt 0).
2026-05-16 06:18:54,077 | DEBUG | checker | Rate limited; backing off 4.33s (attempt 2).
2026-05-16 06:18:54,204 | WARNING | checker | Giving up on '0uc' after 6 retries.
2026-05-16 06:18:54,556 | DEBUG | checker | Rate limited; backing off 1.00s (attempt 0).
2026-05-16 06:18:55,165 | DEBUG | checker | Rate limited; backing off 1.08s (attempt 0).
2026-05-16 06:18:55,338 | WARNING | checker | Giving up on 'of2' after 6 retries.
2026-05-16 06:18:55,371 | DEBUG | checker | Rate limited; backing off 4.37s (attempt 2).
2026-05-16 06:18:55,743 | DEBUG | checker | Rate limited; backing off 1.42s (attempt 0).
2026-05-16 06:18:56,076 | DEBUG | checker | Rate limited; backing off 1.08s (attempt 0).
2026-05-16 06:18:56,251 | DEBUG | checker | Rate limited; backing off 1.13s (attempt 0).
2026-05-16 06:18:56,287 | DEBUG | checker | Rate limited; backing off 2.39s (attempt 1).
2026-05-16 06:18:56,692 | DEBUG | checker | Rate limited; backing off 1.06s (attempt 0).
2026-05-16 06:18:57,102 | DEBUG | checker | Rate limited; backing off 1.08s (attempt 0).
2026-05-16 06:18:57,436 | DEBUG | checker | Rate limited; backing off 2.01s (attempt 1).
2026-05-16 06:18:57,768 | DEBUG | checker | Rate limited; backing off 2.49s (attempt 1).
2026-05-16 06:18:57,866 | DEBUG | checker | Rate limited; backing off 1.05s (attempt 0).
2026-05-16 06:18:58,200 | DEBUG | checker | Rate limited; backing off 2.16s (attempt 1).
2026-05-16 06:18:58,734 | DEBUG | checker | Rate limited; backing off 4.28s (attempt 2).
2026-05-16 06:18:58,923 | DEBUG | checker | Rate limited; backing off 2.28s (attempt 1).
2026-05-16 06:18:59,256 | DEBUG | checker | Rate limited; backing off 1.38s (attempt 0).
2026-05-16 06:19:00,277 | DEBUG | checker | Rate limited; backing off 4.07s (attempt 2).
2026-05-16 06:19:00,379 | DEBUG | checker | Rate limited; backing off 4.28s (attempt 2).
2026-05-16 06:19:00,556 | DEBUG | checker | Rate limited; backing off 1.30s (attempt 0).
2026-05-16 06:19:00,690 | DEBUG | checker | Rate limited; backing off 1.29s (attempt 0).
2026-05-16 06:19:01,272 | DEBUG | checker | Rate limited; backing off 4.43s (attempt 2).
2026-05-16 06:19:01,690 | DEBUG | checker | Rate limited; backing off 1.28s (attempt 0).
2026-05-16 06:19:01,742 | DEBUG | checker | Rate limited; backing off 1.26s (attempt 0).
2026-05-16 06:19:01,897 | DEBUG | checker | Rate limited; backing off 2.05s (attempt 1).
2026-05-16 06:19:02,044 | DEBUG | checker | Rate limited; backing off 2.39s (attempt 1).
2026-05-16 06:19:03,037 | DEBUG | checker | Rate limited; backing off 2.02s (attempt 1).
2026-05-16 06:19:03,037 | DEBUG | checker | Rate limited; backing off 2.10s (attempt 1).
2026-05-16 06:19:03,037 | DEBUG | checker | Rate limited; backing off 8.28s (attempt 3).
2026-05-16 06:19:04,371 | DEBUG | checker | Rate limited; backing off 8.04s (attempt 3).
2026-05-16 06:19:04,482 | DEBUG | checker | Rate limited; backing off 4.34s (attempt 2).
2026-05-16 06:19:04,657 | DEBUG | checker | Rate limited; backing off 8.33s (attempt 3).
2026-05-16 06:19:05,703 | DEBUG | checker | Rate limited; backing off 8.29s (attempt 3).
2026-05-16 06:19:05,861 | DEBUG | checker | Rate limited; backing off 4.12s (attempt 2).
2026-05-16 06:19:06,003 | DEBUG | checker | Rate limited; backing off 1.36s (attempt 0).
2026-05-16 06:19:06,003 | DEBUG | checker | Rate limited; backing off 1.25s (attempt 0).
2026-05-16 06:19:07,346 | DEBUG | checker | Rate limited; backing off 2.44s (attempt 1).
2026-05-16 06:19:07,462 | DEBUG | checker | Rate limited; backing off 2.41s (attempt 1).
2026-05-16 06:19:07,859 | DEBUG | checker | Rate limited; backing off 1.34s (attempt 0).
2026-05-16 06:19:08,870 | DEBUG | checker | Rate limited; backing off 8.39s (attempt 3).
2026-05-16 06:19:11,450 | DEBUG | checker | Rate limited; backing off 1.20s (attempt 0).
2026-05-16 06:19:11,494 | DEBUG | checker | Rate limited; backing off 1.11s (attempt 0).
2026-05-16 06:19:12,035 | DEBUG | checker | Rate limited; backing off 16.21s (attempt 4).
2026-05-16 06:19:12,130 | DEBUG | checker | Rate limited; backing off 1.44s (attempt 0).
2026-05-16 06:19:12,822 | DEBUG | checker | Rate limited; backing off 2.40s (attempt 1).
2026-05-16 06:19:12,838 | DEBUG | checker | Rate limited; backing off 1.30s (attempt 0).
2026-05-16 06:19:13,051 | DEBUG | checker | Rate limited; backing off 1.20s (attempt 0).
2026-05-16 06:19:13,195 | DEBUG | checker | Rate limited; backing off 16.02s (attempt 4).
2026-05-16 06:19:13,235 | DEBUG | checker | Rate limited; backing off 1.21s (attempt 0).
2026-05-16 06:19:13,298 | DEBUG | checker | Rate limited; backing off 1.50s (attempt 0).
2026-05-16 06:19:13,730 | DEBUG | checker | Rate limited; backing off 2.48s (attempt 1).
2026-05-16 06:19:14,468 | DEBUG | checker | Rate limited; backing off 2.20s (attempt 1).
2026-05-16 06:19:14,565 | DEBUG | checker | Rate limited; backing off 1.26s (attempt 0).
2026-05-16 06:19:14,679 | DEBUG | checker | Rate limited; backing off 1.38s (attempt 0).
2026-05-16 06:19:14,815 | DEBUG | checker | Rate limited; backing off 2.41s (attempt 1).
2026-05-16 06:19:15,119 | DEBUG | checker | Rate limited; backing off 1.30s (attempt 0).
2026-05-16 06:19:15,260 | DEBUG | checker | Rate limited; backing off 4.30s (attempt 2).
2026-05-16 06:19:15,853 | DEBUG | checker | Rate limited; backing off 2.30s (attempt 1).
2026-05-16 06:19:16,469 | DEBUG | checker | Rate limited; backing off 2.43s (attempt 1).
2026-05-16 06:19:16,958 | DEBUG | checker | Rate limited; backing off 4.39s (attempt 2).
2026-05-16 06:19:17,221 | DEBUG | checker | Rate limited; backing off 1.21s (attempt 0).
2026-05-16 06:19:17,221 | DEBUG | checker | Rate limited; backing off 4.19s (attempt 2).
2026-05-16 06:19:17,304 | DEBUG | checker | Rate limited; backing off 16.32s (attempt 4).
2026-05-16 06:19:17,747 | DEBUG | checker | Rate limited; backing off 1.32s (attempt 0).
2026-05-16 06:19:19,589 | DEBUG | checker | Rate limited; backing off 4.35s (attempt 2).
2026-05-16 06:19:20,265 | DEBUG | checker | Rate limited; backing off 1.18s (attempt 0).
2026-05-16 06:19:20,281 | DEBUG | checker | Rate limited; backing off 8.15s (attempt 3).
2026-05-16 06:19:20,961 | DEBUG | checker | Rate limited; backing off 1.50s (attempt 0).
2026-05-16 06:19:22,058 | DEBUG | checker | Rate limited; backing off 8.17s (attempt 3).
2026-05-16 06:19:22,328 | DEBUG | checker | Rate limited; backing off 1.09s (attempt 0).
2026-05-16 06:19:22,632 | DEBUG | checker | Rate limited; backing off 2.21s (attempt 1).
2026-05-16 06:19:24,134 | DEBUG | checker | Rate limited; backing off 8.39s (attempt 3).
2026-05-16 06:19:24,218 | DEBUG | checker | Rate limited; backing off 1.14s (attempt 0).
2026-05-16 06:19:24,398 | DEBUG | checker | Rate limited; backing off 1.06s (attempt 0).
2026-05-16 06:19:25,025 | DEBUG | checker | Rate limited; backing off 4.22s (attempt 2).
2026-05-16 06:19:25,557 | DEBUG | checker | Rate limited; backing off 2.44s (attempt 1).
2026-05-16 06:19:25,804 | DEBUG | checker | Rate limited; backing off 1.01s (attempt 0).
2026-05-16 06:19:26,028 | DEBUG | checker | Rate limited; backing off 1.46s (attempt 0).
2026-05-16 06:19:26,986 | DEBUG | checker | Rate limited; backing off 2.06s (attempt 1).
2026-05-16 06:19:27,957 | DEBUG | checker | Rate limited; backing off 1.12s (attempt 0).
2026-05-16 06:19:28,000 | DEBUG | checker | Rate limited; backing off 4.47s (attempt 2).
2026-05-16 06:19:28,253 | DEBUG | checker | Rate limited; backing off 32.06s (attempt 5).
2026-05-16 06:19:28,453 | DEBUG | checker | Rate limited; backing off 16.24s (attempt 4).
2026-05-16 06:19:29,071 | DEBUG | checker | Rate limited; backing off 4.41s (attempt 2).
2026-05-16 06:19:29,121 | DEBUG | checker | Rate limited; backing off 2.09s (attempt 1).
2026-05-16 06:19:29,287 | DEBUG | checker | Rate limited; backing off 32.04s (attempt 5).
2026-05-16 06:19:30,242 | DEBUG | checker | Rate limited; backing off 16.37s (attempt 4).
2026-05-16 06:19:31,227 | DEBUG | checker | Rate limited; backing off 4.33s (attempt 2).
2026-05-16 06:19:32,286 | DEBUG | checker | Rate limited; backing off 1.08s (attempt 0).
2026-05-16 06:19:32,624 | DEBUG | checker | Rate limited; backing off 8.48s (attempt 3).
2026-05-16 06:19:33,382 | DEBUG | checker | Rate limited; backing off 2.44s (attempt 1).
2026-05-16 06:19:34,536 | DEBUG | checker | Rate limited; backing off 1.44s (attempt 0).
2026-05-16 06:19:34,550 | DEBUG | checker | Rate limited; backing off 1.48s (attempt 0).
2026-05-16 06:19:34,725 | DEBUG | checker | Rate limited; backing off 1.10s (attempt 0).
2026-05-16 06:19:35,888 | DEBUG | checker | Rate limited; backing off 4.32s (attempt 2).
2026-05-16 06:19:36,027 | DEBUG | checker | Rate limited; backing off 2.40s (attempt 1).
2026-05-16 06:19:36,069 | DEBUG | checker | Rate limited; backing off 2.41s (attempt 1).
2026-05-16 06:19:36,613 | DEBUG | checker | Rate limited; backing off 1.10s (attempt 0).
2026-05-16 06:19:36,980 | DEBUG | checker | Rate limited; backing off 1.41s (attempt 0).
2026-05-16 06:19:38,446 | DEBUG | checker | Rate limited; backing off 2.09s (attempt 1).
2026-05-16 06:19:38,454 | DEBUG | checker | Rate limited; backing off 4.12s (attempt 2).
2026-05-16 06:19:38,489 | DEBUG | checker | Rate limited; backing off 4.12s (attempt 2).
2026-05-16 06:19:38,845 | DEBUG | checker | Rate limited; backing off 1.18s (attempt 0).
2026-05-16 06:19:40,090 | DEBUG | checker | Rate limited; backing off 2.34s (attempt 1).
2026-05-16 06:19:40,564 | DEBUG | checker | Rate limited; backing off 4.37s (attempt 2).
2026-05-16 06:19:41,711 | DEBUG | checker | Rate limited; backing off 1.01s (attempt 0).
2026-05-16 06:19:42,122 | DEBUG | checker | Rate limited; backing off 1.25s (attempt 0).
2026-05-16 06:19:42,757 | DEBUG | checker | Rate limited; backing off 8.49s (attempt 3).
2026-05-16 06:19:42,814 | DEBUG | checker | Rate limited; backing off 2.25s (attempt 1).
2026-05-16 06:19:43,397 | DEBUG | checker | Rate limited; backing off 2.15s (attempt 1).
2026-05-16 06:19:43,607 | DEBUG | checker | Rate limited; backing off 1.39s (attempt 0).
2026-05-16 06:19:43,675 | DEBUG | checker | Rate limited; backing off 1.05s (attempt 0).
2026-05-16 06:19:44,754 | DEBUG | checker | Rate limited; backing off 32.12s (attempt 5).
2026-05-16 06:19:44,754 | DEBUG | checker | Rate limited; backing off 2.17s (attempt 1).
2026-05-16 06:19:45,022 | DEBUG | checker | Rate limited; backing off 8.24s (attempt 3).
2026-05-16 06:19:45,064 | DEBUG | checker | Rate limited; backing off 2.45s (attempt 1).
2026-05-16 06:19:45,587 | DEBUG | checker | Rate limited; backing off 4.10s (attempt 2).
2026-05-16 06:19:46,172 | DEBUG | checker | Rate limited; backing off 1.49s (attempt 0).
2026-05-16 06:19:46,645 | DEBUG | checker | Rate limited; backing off 32.36s (attempt 5).
2026-05-16 06:19:46,986 | DEBUG | checker | Rate limited; backing off 4.34s (attempt 2).
2026-05-16 06:19:47,743 | DEBUG | checker | Rate limited; backing off 2.49s (attempt 1).
2026-05-16 06:19:48,547 | DEBUG | checker | Rate limited; backing off 1.47s (attempt 0).
2026-05-16 06:19:49,723 | DEBUG | checker | Rate limited; backing off 8.30s (attempt 3).
2026-05-16 06:19:50,096 | DEBUG | checker | Rate limited; backing off 2.23s (attempt 1).
2026-05-16 06:19:50,291 | DEBUG | checker | Rate limited; backing off 4.26s (attempt 2).
2026-05-16 06:19:51,932 | DEBUG | checker | Rate limited; backing off 1.24s (attempt 0).
2026-05-16 06:19:52,266 | DEBUG | checker | Rate limited; backing off 1.33s (attempt 0).
2026-05-16 06:19:52,374 | DEBUG | checker | Rate limited; backing off 4.08s (attempt 2).
2026-05-16 06:19:53,206 | DEBUG | checker | Rate limited; backing off 2.03s (attempt 1).
2026-05-16 06:19:53,301 | DEBUG | checker | Rate limited; backing off 16.01s (attempt 4).
2026-05-16 06:19:53,659 | DEBUG | checker | Rate limited; backing off 2.28s (attempt 1).
2026-05-16 06:19:54,604 | DEBUG | checker | Rate limited; backing off 8.04s (attempt 3).
2026-05-16 06:19:55,292 | DEBUG | checker | Rate limited; backing off 4.44s (attempt 2).
2026-05-16 06:19:55,985 | DEBUG | checker | Rate limited; backing off 4.22s (attempt 2).
2026-05-16 06:19:57,454 | DEBUG | checker | Rate limited; backing off 1.17s (attempt 0).
2026-05-16 06:19:58,084 | DEBUG | checker | Rate limited; backing off 16.23s (attempt 4).
2026-05-16 06:19:58,680 | DEBUG | checker | Rate limited; backing off 2.15s (attempt 1).
2026-05-16 06:19:59,782 | DEBUG | checker | Rate limited; backing off 8.47s (attempt 3).
2026-05-16 06:20:00,314 | WARNING | checker | Giving up on 't1i' after 6 retries.
2026-05-16 06:20:01,317 | WARNING | checker | Giving up on '2ue' after 6 retries.
2026-05-16 06:20:01,548 | DEBUG | checker | Rate limited; backing off 1.20s (attempt 0).
2026-05-16 06:20:02,604 | DEBUG | checker | Rate limited; backing off 1.46s (attempt 0).
2026-05-16 06:20:03,266 | DEBUG | checker | Rate limited; backing off 1.10s (attempt 0).
2026-05-16 06:20:03,771 | DEBUG | checker | Rate limited; backing off 1.13s (attempt 0).
2026-05-16 06:20:04,240 | DEBUG | checker | Rate limited; backing off 2.43s (attempt 1).
2026-05-16 06:20:05,701 | DEBUG | checker | Rate limited; backing off 1.25s (attempt 0).
2026-05-16 06:20:06,373 | DEBUG | checker | Rate limited; backing off 1.19s (attempt 0).
2026-05-16 06:20:06,845 | DEBUG | checker | Rate limited; backing off 4.47s (attempt 2).
2026-05-16 06:20:06,886 | DEBUG | checker | Rate limited; backing off 1.42s (attempt 0).
2026-05-16 06:20:06,940 | DEBUG | checker | Rate limited; backing off 1.27s (attempt 0).
2026-05-16 06:20:07,132 | DEBUG | checker | Rate limited; backing off 2.43s (attempt 1).
2026-05-16 06:20:07,753 | DEBUG | checker | Rate limited; backing off 2.29s (attempt 1).
2026-05-16 06:20:08,261 | DEBUG | checker | Rate limited; backing off 16.26s (attempt 4).
2026-05-16 06:20:08,324 | DEBUG | checker | Rate limited; backing off 2.28s (attempt 1).
2026-05-16 06:20:08,396 | DEBUG | checker | Rate limited; backing off 2.29s (attempt 1).
2026-05-16 06:20:10,170 | DEBUG | checker | Rate limited; backing off 1.35s (attempt 0).
2026-05-16 06:20:11,315 | DEBUG | checker | Rate limited; backing off 1.10s (attempt 0).
2026-05-16 06:20:11,318 | DEBUG | checker | Rate limited; backing off 1.23s (attempt 0).
2026-05-16 06:20:11,510 | DEBUG | checker | Rate limited; backing off 1.03s (attempt 0).
2026-05-16 06:20:11,717 | DEBUG | checker | Rate limited; backing off 2.50s (attempt 1).
2026-05-16 06:20:13,063 | DEBUG | checker | Rate limited; backing off 1.02s (attempt 0).
2026-05-16 06:20:13,086 | DEBUG | checker | Rate limited; backing off 1.35s (attempt 0).
2026-05-16 06:20:13,275 | DEBUG | checker | Rate limited; backing off 1.37s (attempt 0).
2026-05-16 06:20:13,657 | DEBUG | checker | Rate limited; backing off 1.32s (attempt 0).
2026-05-16 06:20:14,266 | DEBUG | checker | Rate limited; backing off 2.43s (attempt 1).
2026-05-16 06:20:14,404 | DEBUG | checker | Rate limited; backing off 4.35s (attempt 2).
2026-05-16 06:20:14,492 | DEBUG | checker | Rate limited; backing off 32.24s (attempt 5).
2026-05-16 06:20:14,585 | DEBUG | checker | Rate limited; backing off 1.05s (attempt 0).
2026-05-16 06:20:14,840 | DEBUG | checker | Rate limited; backing off 2.02s (attempt 1).
2026-05-16 06:20:15,001 | DEBUG | checker | Rate limited; backing off 1.39s (attempt 0).
2026-05-16 06:20:15,589 | DEBUG | checker | Rate limited; backing off 1.19s (attempt 0).
2026-05-16 06:20:15,658 | DEBUG | checker | Rate limited; backing off 2.13s (attempt 1).
2026-05-16 06:20:16,401 | DEBUG | checker | Rate limited; backing off 2.04s (attempt 1).
2026-05-16 06:20:16,877 | WARNING | checker | Giving up on 'pe2' after 6 retries.
2026-05-16 06:20:17,454 | DEBUG | checker | Rate limited; backing off 4.16s (attempt 2).
2026-05-16 06:20:17,782 | DEBUG | checker | Rate limited; backing off 1.42s (attempt 0).
2026-05-16 06:20:17,793 | DEBUG | checker | Rate limited; backing off 4.41s (attempt 2).
2026-05-16 06:20:17,836 | DEBUG | checker | Rate limited; backing off 1.37s (attempt 0).
2026-05-16 06:20:18,238 | DEBUG | checker | Rate limited; backing off 1.29s (attempt 0).
2026-05-16 06:20:18,472 | DEBUG | checker | Rate limited; backing off 4.17s (attempt 2).
2026-05-16 06:20:19,007 | WARNING | checker | Giving up on 'i1k' after 6 retries.
2026-05-16 06:20:19,398 | DEBUG | checker | Rate limited; backing off 1.30s (attempt 0).
2026-05-16 06:20:19,532 | DEBUG | checker | Rate limited; backing off 2.49s (attempt 1).
2026-05-16 06:20:19,954 | DEBUG | checker | Rate limited; backing off 2.45s (attempt 1).
2026-05-16 06:20:20,160 | DEBUG | checker | Rate limited; backing off 1.23s (attempt 0).
2026-05-16 06:20:20,704 | DEBUG | checker | Rate limited; backing off 2.24s (attempt 1).
2026-05-16 06:20:20,901 | DEBUG | checker | Rate limited; backing off 1.10s (attempt 0).
2026-05-16 06:20:22,070 | DEBUG | checker | Rate limited; backing off 4.37s (attempt 2).
2026-05-16 06:20:22,361 | DEBUG | checker | Rate limited; backing off 8.30s (attempt 3).
2026-05-16 06:20:22,415 | DEBUG | checker | Rate limited; backing off 4.47s (attempt 2).
2026-05-16 06:20:22,415 | DEBUG | checker | Rate limited; backing off 1.23s (attempt 0).
2026-05-16 06:20:22,710 | DEBUG | checker | Rate limited; backing off 8.08s (attempt 3).
2026-05-16 06:20:22,965 | DEBUG | checker | Rate limited; backing off 4.42s (attempt 2).
2026-05-16 06:20:22,997 | DEBUG | checker | Rate limited; backing off 1.44s (attempt 0).
2026-05-16 06:20:23,698 | DEBUG | checker | Rate limited; backing off 2.31s (attempt 1).
2026-05-16 06:20:24,265 | DEBUG | checker | Rate limited; backing off 1.18s (attempt 0).
2026-05-16 06:20:25,173 | DEBUG | checker | Rate limited; backing off 2.31s (attempt 1).
2026-05-16 06:20:25,477 | DEBUG | checker | Rate limited; backing off 2.43s (attempt 1).
2026-05-16 06:20:25,654 | DEBUG | checker | Rate limited; backing off 1.48s (attempt 0).
2026-05-16 06:20:26,072 | DEBUG | checker | Rate limited; backing off 4.03s (attempt 2).
2026-05-16 06:20:26,936 | DEBUG | checker | Rate limited; backing off 8.23s (attempt 3).
2026-05-16 06:20:27,395 | DEBUG | checker | Rate limited; backing off 8.41s (attempt 3).
2026-05-16 06:20:27,543 | DEBUG | checker | Rate limited; backing off 4.07s (attempt 2).
2026-05-16 06:20:27,902 | DEBUG | checker | Rate limited; backing off 4.40s (attempt 2).
2026-05-16 06:20:28,142 | DEBUG | checker | Rate limited; backing off 1.08s (attempt 0).
2026-05-16 06:20:28,428 | DEBUG | checker | Rate limited; backing off 1.21s (attempt 0).
2026-05-16 06:20:29,279 | DEBUG | checker | Rate limited; backing off 2.42s (attempt 1).
2026-05-16 06:20:29,686 | DEBUG | checker | Rate limited; backing off 2.43s (attempt 1).
2026-05-16 06:20:30,142 | DEBUG | checker | Rate limited; backing off 8.37s (attempt 3).
2026-05-16 06:20:30,721 | DEBUG | checker | Rate limited; backing off 16.25s (attempt 4).
2026-05-16 06:20:30,832 | DEBUG | checker | Rate limited; backing off 16.11s (attempt 4).
2026-05-16 06:20:35,364 | DEBUG | checker | Rate limited; backing off 1.40s (attempt 0).
2026-05-16 06:20:36,078 | DEBUG | checker | Rate limited; backing off 1.44s (attempt 0).
2026-05-16 06:20:36,403 | DEBUG | checker | Rate limited; backing off 1.15s (attempt 0).
2026-05-16 06:20:37,011 | DEBUG | checker | Rate limited; backing off 1.50s (attempt 0).
2026-05-16 06:20:37,132 | DEBUG | checker | Rate limited; backing off 1.02s (attempt 0).
2026-05-16 06:20:37,164 | DEBUG | checker | Rate limited; backing off 1.49s (attempt 0).
2026-05-16 06:20:37,318 | DEBUG | checker | Rate limited; backing off 1.39s (attempt 0).
2026-05-16 06:20:38,513 | DEBUG | checker | Rate limited; backing off 2.01s (attempt 1).
2026-05-16 06:20:38,514 | DEBUG | checker | Rate limited; backing off 16.14s (attempt 4).
2026-05-16 06:20:38,884 | DEBUG | checker | Rate limited; backing off 2.05s (attempt 1).
2026-05-16 06:20:38,923 | DEBUG | checker | Rate limited; backing off 2.12s (attempt 1).
2026-05-16 06:20:39,298 | DEBUG | checker | Rate limited; backing off 1.03s (attempt 0).
2026-05-16 06:20:39,413 | DEBUG | checker | Rate limited; backing off 2.20s (attempt 1).
2026-05-16 06:20:39,465 | DEBUG | checker | Rate limited; backing off 1.02s (attempt 0).
2026-05-16 06:20:40,346 | DEBUG | checker | Rate limited; backing off 2.23s (attempt 1).
2026-05-16 06:20:40,492 | DEBUG | checker | Rate limited; backing off 2.27s (attempt 1).
2026-05-16 06:20:40,547 | DEBUG | checker | Rate limited; backing off 4.07s (attempt 2).
2026-05-16 06:20:41,089 | DEBUG | checker | Rate limited; backing off 4.17s (attempt 2).
2026-05-16 06:20:42,073 | DEBUG | checker | Rate limited; backing off 1.01s (attempt 0).
2026-05-16 06:20:43,309 | DEBUG | checker | Rate limited; backing off 1.26s (attempt 0).
2026-05-16 06:20:43,789 | DEBUG | checker | Rate limited; backing off 2.16s (attempt 1).
2026-05-16 06:20:43,809 | DEBUG | checker | Rate limited; backing off 1.21s (attempt 0).
2026-05-16 06:20:44,926 | DEBUG | checker | Rate limited; backing off 1.01s (attempt 0).
2026-05-16 06:20:45,329 | DEBUG | checker | Rate limited; backing off 8.23s (attempt 3).
2026-05-16 06:20:46,124 | DEBUG | checker | Rate limited; backing off 4.23s (attempt 2).
2026-05-16 06:20:46,736 | WARNING | checker | Giving up on '8ey' after 6 retries.
2026-05-16 06:20:46,811 | DEBUG | checker | Rate limited; backing off 1.19s (attempt 0).
2026-05-16 06:20:46,957 | DEBUG | checker | Rate limited; backing off 1.41s (attempt 0).
2026-05-16 06:20:47,587 | DEBUG | checker | Rate limited; backing off 1.08s (attempt 0).
2026-05-16 06:20:47,646 | DEBUG | checker | Rate limited; backing off 1.06s (attempt 0).
2026-05-16 06:20:47,750 | DEBUG | checker | Rate limited; backing off 1.14s (attempt 0).
2026-05-16 06:20:47,989 | DEBUG | checker | Rate limited; backing off 1.25s (attempt 0).
2026-05-16 06:20:48,073 | DEBUG | checker | Rate limited; backing off 1.49s (attempt 0).
2026-05-16 06:20:48,389 | DEBUG | checker | Rate limited; backing off 2.20s (attempt 1).
2026-05-16 06:20:48,707 | DEBUG | checker | Rate limited; backing off 2.29s (attempt 1).
2026-05-16 06:20:48,915 | DEBUG | checker | Rate limited; backing off 2.48s (attempt 1).
2026-05-16 06:20:49,629 | DEBUG | checker | Rate limited; backing off 1.09s (attempt 0).
2026-05-16 06:20:49,858 | DEBUG | checker | Rate limited; backing off 1.36s (attempt 0).
2026-05-16 06:20:49,981 | DEBUG | checker | Rate limited; backing off 2.38s (attempt 1).
2026-05-16 06:20:50,378 | DEBUG | checker | Rate limited; backing off 8.39s (attempt 3).
2026-05-16 06:20:50,588 | DEBUG | checker | Rate limited; backing off 1.14s (attempt 0).
2026-05-16 06:20:50,588 | DEBUG | checker | Rate limited; backing off 4.09s (attempt 2).
2026-05-16 06:20:51,621 | DEBUG | checker | Rate limited; backing off 1.37s (attempt 0).
2026-05-16 06:20:51,736 | DEBUG | checker | Rate limited; backing off 4.13s (attempt 2).
2026-05-16 06:20:51,970 | DEBUG | checker | Rate limited; backing off 2.19s (attempt 1).
2026-05-16 06:20:52,377 | DEBUG | checker | Rate limited; backing off 4.26s (attempt 2).
2026-05-16 06:20:52,492 | DEBUG | checker | Rate limited; backing off 2.12s (attempt 1).
2026-05-16 06:20:52,505 | DEBUG | checker | Rate limited; backing off 1.31s (attempt 0).
2026-05-16 06:20:53,007 | DEBUG | checker | Rate limited; backing off 2.14s (attempt 1).
2026-05-16 06:20:55,173 | DEBUG | checker | Rate limited; backing off 1.27s (attempt 0).
2026-05-16 06:20:55,282 | DEBUG | checker | Rate limited; backing off 4.30s (attempt 2).
2026-05-16 06:20:55,392 | DEBUG | checker | Rate limited; backing off 8.14s (attempt 3).
2026-05-16 06:20:55,871 | DEBUG | checker | Rate limited; backing off 1.20s (attempt 0).
2026-05-16 06:20:56,044 | DEBUG | checker | Rate limited; backing off 8.32s (attempt 3).
2026-05-16 06:20:56,411 | DEBUG | checker | Rate limited; backing off 1.05s (attempt 0).
2026-05-16 06:20:56,506 | DEBUG | checker | Rate limited; backing off 1.09s (attempt 0).
2026-05-16 06:20:57,670 | DEBUG | checker | Rate limited; backing off 2.20s (attempt 1).
2026-05-16 06:20:58,095 | DEBUG | checker | Rate limited; backing off 1.02s (attempt 0).
2026-05-16 06:20:58,100 | DEBUG | checker | Rate limited; backing off 1.39s (attempt 0).
2026-05-16 06:20:58,168 | DEBUG | checker | Rate limited; backing off 1.29s (attempt 0).
2026-05-16 06:20:58,168 | DEBUG | checker | Rate limited; backing off 1.14s (attempt 0).
2026-05-16 06:20:58,280 | DEBUG | checker | Rate limited; backing off 1.44s (attempt 0).
2026-05-16 06:20:58,959 | DEBUG | checker | Rate limited; backing off 16.39s (attempt 4).
2026-05-16 06:20:59,130 | DEBUG | checker | Rate limited; backing off 2.46s (attempt 1).
2026-05-16 06:20:59,306 | DEBUG | checker | Rate limited; backing off 2.15s (attempt 1).
2026-05-16 06:20:59,477 | DEBUG | checker | Rate limited; backing off 2.24s (attempt 1).
2026-05-16 06:20:59,477 | DEBUG | checker | Rate limited; backing off 2.30s (attempt 1).
2026-05-16 06:20:59,607 | DEBUG | checker | Rate limited; backing off 8.27s (attempt 3).
2026-05-16 06:21:00,476 | DEBUG | checker | Rate limited; backing off 2.12s (attempt 1).
2026-05-16 06:21:00,977 | DEBUG | checker | Rate limited; backing off 1.25s (attempt 0).
2026-05-16 06:21:01,476 | DEBUG | checker | Rate limited; backing off 4.05s (attempt 2).
2026-05-16 06:21:01,638 | DEBUG | checker | Rate limited; backing off 4.11s (attempt 2).
2026-05-16 06:21:01,753 | DEBUG | checker | Rate limited; backing off 4.35s (attempt 2).
2026-05-16 06:21:01,836 | DEBUG | checker | Rate limited; backing off 4.28s (attempt 2).
2026-05-16 06:21:03,210 | DEBUG | checker | Rate limited; backing off 1.27s (attempt 0).
2026-05-16 06:21:03,572 | DEBUG | checker | Rate limited; backing off 16.28s (attempt 4).
2026-05-16 06:21:04,380 | DEBUG | checker | Rate limited; backing off 16.23s (attempt 4).
2026-05-16 06:21:04,529 | DEBUG | checker | Rate limited; backing off 2.15s (attempt 1).
2026-05-16 06:21:04,705 | DEBUG | checker | Rate limited; backing off 1.27s (attempt 0).
2026-05-16 06:21:05,576 | DEBUG | checker | Rate limited; backing off 8.31s (attempt 3).
2026-05-16 06:21:06,022 | DEBUG | checker | Rate limited; backing off 2.28s (attempt 1).
2026-05-16 06:21:06,151 | DEBUG | checker | Rate limited; backing off 8.18s (attempt 3).
2026-05-16 06:21:06,694 | DEBUG | checker | Rate limited; backing off 4.04s (attempt 2).
2026-05-16 06:21:06,819 | DEBUG | checker | Rate limited; backing off 8.11s (attempt 3).
2026-05-16 06:21:07,727 | DEBUG | checker | Rate limited; backing off 1.48s (attempt 0).
2026-05-16 06:21:07,887 | DEBUG | checker | Rate limited; backing off 16.37s (attempt 4).
2026-05-16 06:21:11,463 | DEBUG | checker | Rate limited; backing off 8.34s (attempt 3).
2026-05-16 06:21:11,837 | DEBUG | checker | Rate limited; backing off 1.01s (attempt 0).
2026-05-16 06:21:13,202 | DEBUG | checker | Rate limited; backing off 1.48s (attempt 0).
2026-05-16 06:21:14,462 | DEBUG | checker | Rate limited; backing off 1.32s (attempt 0).
2026-05-16 06:21:14,879 | DEBUG | checker | Rate limited; backing off 2.00s (attempt 1).
2026-05-16 06:21:14,982 | DEBUG | checker | Rate limited; backing off 1.42s (attempt 0).
2026-05-16 06:21:15,030 | DEBUG | checker | Rate limited; backing off 1.30s (attempt 0).
2026-05-16 06:21:15,110 | DEBUG | checker | Rate limited; backing off 16.08s (attempt 4).
2026-05-16 06:21:16,396 | DEBUG | checker | Rate limited; backing off 1.14s (attempt 0).
2026-05-16 06:21:16,523 | DEBUG | checker | Rate limited; backing off 2.11s (attempt 1).
2026-05-16 06:21:16,590 | DEBUG | checker | Rate limited; backing off 2.49s (attempt 1).
2026-05-16 06:21:16,610 | DEBUG | checker | Rate limited; backing off 1.17s (attempt 0).
2026-05-16 06:21:17,067 | DEBUG | checker | Rate limited; backing off 4.09s (attempt 2).
2026-05-16 07:00:59,678 | INFO | checker | Resumed checkpoint: 950 names already checked.
2026-05-16 07:00:59,678 | DEBUG | checker | Signal 2 not installable on this platform.
2026-05-16 07:00:59,678 | DEBUG | checker | Signal 15 not installable on this platform.
2026-05-16 07:01:28,184 | INFO | checker | Scanning 1773589 candidate name(s) for length(s) [4].
2026-05-16 07:01:39,445 | INFO | checker | Interrupted by user; progress saved to checkpoint.
